[2019-05-13 07:02:08] main.CRITICAL: RuntimeException: Can't create directory /var/www/store/var/generation/Magento/Framework/App/Response/Http/. in /var/www/store/vendor/magento/framework/Code/Generator.php:115
Stack trace:
#0 /var/www/store/vendor/magento/framework/Code/Generator/Autoloader.php(35): Magento\Framework\Code\Generator->generateClass('Magento\\Framewo...')
#1 [internal function]: Magento\Framework\Code\Generator\Autoloader->load('Magento\\Framewo...')
#2 [internal function]: spl_autoload_call('Magento\\Framewo...')
#3 /var/www/store/vendor/magento/framework/Code/Reader/ClassReader.php(19): ReflectionClass->__construct('Magento\\Framewo...')
#4 /var/www/store/vendor/magento/framework/ObjectManager/Definition/Runtime.php(44): Magento\Framework\Code\Reader\ClassReader->getConstructor('Magento\\Framewo...')
#5 /var/www/store/vendor/magento/framework/ObjectManager/Factory/Dynamic/Developer.php(71): Magento\Framework\ObjectManager\Definition\Runtime->getParameters('Magento\\Framewo...')
#6 /var/www/store/vendor/magento/framework/ObjectManager/ObjectManager.php(71): Magento\Framework\ObjectManager\Factory\Dynamic\Developer->create('Magento\\Framewo...')
#7 /var/www/store/vendor/magento/framework/ObjectManager/Factory/AbstractFactory.php(126): Magento\Framework\ObjectManager\ObjectManager->get('Magento\\Framewo...')
#8 /var/www/store/vendor/magento/framework/ObjectManager/Factory/Dynamic/Developer.php(53): Magento\Framework\ObjectManager\Factory\AbstractFactory->resolveArgument(Array, 'Magento\\Framewo...', NULL, 'response', 'Magento\\Framewo...')
#9 /var/www/store/vendor/magento/framework/ObjectManager/Factory/Dynamic/Developer.php(82): Magento\Framework\ObjectManager\Factory\Dynamic\Developer->_resolveArguments('Magento\\Framewo...', Array, Array)
#10 /var/www/store/vendor/magento/framework/ObjectManager/ObjectManager.php(57): Magento\Framework\ObjectManager\Factory\Dynamic\Developer->create('Magento\\Framewo...', Array)
#11 /var/www/store/vendor/magento/framework/App/Bootstrap.php(233): Magento\Framework\ObjectManager\ObjectManager->create('Magento\\Framewo...', Array)
#12 /var/www/store/index.php(38): Magento\Framework\App\Bootstrap->createApplication('Magento\\Framewo...')
#13 {main} [] []
[2019-05-13 07:02:08] main.CRITICAL: RuntimeException: Can't create directory /var/www/store/var/generation/Magento/Framework/App/Response/Http/. in /var/www/store/vendor/magento/framework/Code/Generator.php:115
Stack trace:
#0 /var/www/store/vendor/magento/framework/Code/Generator/Autoloader.php(35): Magento\Framework\Code\Generator->generateClass('Magento\\Framewo...')
#1 [internal function]: Magento\Framework\Code\Generator\Autoloader->load('Magento\\Framewo...')
#2 [internal function]: spl_autoload_call('Magento\\Framewo...')
#3 /var/www/store/vendor/magento/framework/Code/Reader/ClassReader.php(19): ReflectionClass->__construct('Magento\\Framewo...')
#4 /var/www/store/vendor/magento/framework/ObjectManager/Definition/Runtime.php(44): Magento\Framework\Code\Reader\ClassReader->getConstructor('Magento\\Framewo...')
#5 /var/www/store/vendor/magento/framework/ObjectManager/Factory/Dynamic/Developer.php(71): Magento\Framework\ObjectManager\Definition\Runtime->getParameters('Magento\\Framewo...')
#6 /var/www/store/vendor/magento/framework/ObjectManager/ObjectManager.php(71): Magento\Framework\ObjectManager\Factory\Dynamic\Developer->create('Magento\\Framewo...')
#7 /var/www/store/vendor/magento/framework/ObjectManager/Factory/AbstractFactory.php(126): Magento\Framework\ObjectManager\ObjectManager->get('Magento\\Framewo...')
#8 /var/www/store/vendor/magento/framework/ObjectManager/Factory/Dynamic/Developer.php(53): Magento\Framework\ObjectManager\Factory\AbstractFactory->resolveArgument(Array, 'Magento\\Framewo...', NULL, 'response', 'Magento\\Framewo...')
#9 /var/www/store/vendor/magento/framework/ObjectManager/Factory/Dynamic/Developer.php(82): Magento\Framework\ObjectManager\Factory\Dynamic\Developer->_resolveArguments('Magento\\Framewo...', Array, Array)
#10 /var/www/store/vendor/magento/framework/ObjectManager/ObjectManager.php(57): Magento\Framework\ObjectManager\Factory\Dynamic\Developer->create('Magento\\Framewo...', Array)
#11 /var/www/store/vendor/magento/framework/App/Bootstrap.php(233): Magento\Framework\ObjectManager\ObjectManager->create('Magento\\Framewo...', Array)
#12 /var/www/store/index.php(38): Magento\Framework\App\Bootstrap->createApplication('Magento\\Framewo...')
#13 {main} [] []
[2019-05-13 07:02:12] main.CRITICAL: RuntimeException: Can't create directory /var/www/store/var/generation/Magento/Framework/App/Response/Http/. in /var/www/store/vendor/magento/framework/Code/Generator.php:115
Stack trace:
#0 /var/www/store/vendor/magento/framework/Code/Generator/Autoloader.php(35): Magento\Framework\Code\Generator->generateClass('Magento\\Framewo...')
#1 [internal function]: Magento\Framework\Code\Generator\Autoloader->load('Magento\\Framewo...')
#2 [internal function]: spl_autoload_call('Magento\\Framewo...')
#3 /var/www/store/vendor/magento/framework/Code/Reader/ClassReader.php(19): ReflectionClass->__construct('Magento\\Framewo...')
#4 /var/www/store/vendor/magento/framework/ObjectManager/Definition/Runtime.php(44): Magento\Framework\Code\Reader\ClassReader->getConstructor('Magento\\Framewo...')
#5 /var/www/store/vendor/magento/framework/ObjectManager/Factory/Dynamic/Developer.php(71): Magento\Framework\ObjectManager\Definition\Runtime->getParameters('Magento\\Framewo...')
#6 /var/www/store/vendor/magento/framework/ObjectManager/ObjectManager.php(71): Magento\Framework\ObjectManager\Factory\Dynamic\Developer->create('Magento\\Framewo...')
#7 /var/www/store/vendor/magento/framework/ObjectManager/Factory/AbstractFactory.php(126): Magento\Framework\ObjectManager\ObjectManager->get('Magento\\Framewo...')
#8 /var/www/store/vendor/magento/framework/ObjectManager/Factory/Dynamic/Developer.php(53): Magento\Framework\ObjectManager\Factory\AbstractFactory->resolveArgument(Array, 'Magento\\Framewo...', NULL, 'response', 'Magento\\Framewo...')
#9 /var/www/store/vendor/magento/framework/ObjectManager/Factory/Dynamic/Developer.php(82): Magento\Framework\ObjectManager\Factory\Dynamic\Developer->_resolveArguments('Magento\\Framewo...', Array, Array)
#10 /var/www/store/vendor/magento/framework/ObjectManager/ObjectManager.php(57): Magento\Framework\ObjectManager\Factory\Dynamic\Developer->create('Magento\\Framewo...', Array)
#11 /var/www/store/vendor/magento/framework/App/Bootstrap.php(233): Magento\Framework\ObjectManager\ObjectManager->create('Magento\\Framewo...', Array)
#12 /var/www/store/index.php(38): Magento\Framework\App\Bootstrap->createApplication('Magento\\Framewo...')
#13 {main} [] []
[2019-05-13 07:02:12] main.CRITICAL: RuntimeException: Can't create directory /var/www/store/var/generation/Magento/Framework/App/Response/Http/. in /var/www/store/vendor/magento/framework/Code/Generator.php:115
Stack trace:
#0 /var/www/store/vendor/magento/framework/Code/Generator/Autoloader.php(35): Magento\Framework\Code\Generator->generateClass('Magento\\Framewo...')
#1 [internal function]: Magento\Framework\Code\Generator\Autoloader->load('Magento\\Framewo...')
#2 [internal function]: spl_autoload_call('Magento\\Framewo...')
#3 /var/www/store/vendor/magento/framework/Code/Reader/ClassReader.php(19): ReflectionClass->__construct('Magento\\Framewo...')
#4 /var/www/store/vendor/magento/framework/ObjectManager/Definition/Runtime.php(44): Magento\Framework\Code\Reader\ClassReader->getConstructor('Magento\\Framewo...')
#5 /var/www/store/vendor/magento/framework/ObjectManager/Factory/Dynamic/Developer.php(71): Magento\Framework\ObjectManager\Definition\Runtime->getParameters('Magento\\Framewo...')
#6 /var/www/store/vendor/magento/framework/ObjectManager/ObjectManager.php(71): Magento\Framework\ObjectManager\Factory\Dynamic\Developer->create('Magento\\Framewo...')
#7 /var/www/store/vendor/magento/framework/ObjectManager/Factory/AbstractFactory.php(126): Magento\Framework\ObjectManager\ObjectManager->get('Magento\\Framewo...')
#8 /var/www/store/vendor/magento/framework/ObjectManager/Factory/Dynamic/Developer.php(53): Magento\Framework\ObjectManager\Factory\AbstractFactory->resolveArgument(Array, 'Magento\\Framewo...', NULL, 'response', 'Magento\\Framewo...')
#9 /var/www/store/vendor/magento/framework/ObjectManager/Factory/Dynamic/Developer.php(82): Magento\Framework\ObjectManager\Factory\Dynamic\Developer->_resolveArguments('Magento\\Framewo...', Array, Array)
#10 /var/www/store/vendor/magento/framework/ObjectManager/ObjectManager.php(57): Magento\Framework\ObjectManager\Factory\Dynamic\Developer->create('Magento\\Framewo...', Array)
#11 /var/www/store/vendor/magento/framework/App/Bootstrap.php(233): Magento\Framework\ObjectManager\ObjectManager->create('Magento\\Framewo...', Array)
#12 /var/www/store/index.php(38): Magento\Framework\App\Bootstrap->createApplication('Magento\\Framewo...')
#13 {main} [] []
[2019-05-13 07:02:13] main.CRITICAL: RuntimeException: Can't create directory /var/www/store/var/generation/Magento/Framework/App/Response/Http/. in /var/www/store/vendor/magento/framework/Code/Generator.php:115
Stack trace:
#0 /var/www/store/vendor/magento/framework/Code/Generator/Autoloader.php(35): Magento\Framework\Code\Generator->generateClass('Magento\\Framewo...')
#1 [internal function]: Magento\Framework\Code\Generator\Autoloader->load('Magento\\Framewo...')
#2 [internal function]: spl_autoload_call('Magento\\Framewo...')
#3 /var/www/store/vendor/magento/framework/Code/Reader/ClassReader.php(19): ReflectionClass->__construct('Magento\\Framewo...')
#4 /var/www/store/vendor/magento/framework/ObjectManager/Definition/Runtime.php(44): Magento\Framework\Code\Reader\ClassReader->getConstructor('Magento\\Framewo...')
#5 /var/www/store/vendor/magento/framework/ObjectManager/Factory/Dynamic/Developer.php(71): Magento\Framework\ObjectManager\Definition\Runtime->getParameters('Magento\\Framewo...')
#6 /var/www/store/vendor/magento/framework/ObjectManager/ObjectManager.php(71): Magento\Framework\ObjectManager\Factory\Dynamic\Developer->create('Magento\\Framewo...')
#7 /var/www/store/vendor/magento/framework/ObjectManager/Factory/AbstractFactory.php(126): Magento\Framework\ObjectManager\ObjectManager->get('Magento\\Framewo...')
#8 /var/www/store/vendor/magento/framework/ObjectManager/Factory/Dynamic/Developer.php(53): Magento\Framework\ObjectManager\Factory\AbstractFactory->resolveArgument(Array, 'Magento\\Framewo...', NULL, 'response', 'Magento\\Framewo...')
#9 /var/www/store/vendor/magento/framework/ObjectManager/Factory/Dynamic/Developer.php(82): Magento\Framework\ObjectManager\Factory\Dynamic\Developer->_resolveArguments('Magento\\Framewo...', Array, Array)
#10 /var/www/store/vendor/magento/framework/ObjectManager/ObjectManager.php(57): Magento\Framework\ObjectManager\Factory\Dynamic\Developer->create('Magento\\Framewo...', Array)
#11 /var/www/store/vendor/magento/framework/App/Bootstrap.php(233): Magento\Framework\ObjectManager\ObjectManager->create('Magento\\Framewo...', Array)
#12 /var/www/store/index.php(38): Magento\Framework\App\Bootstrap->createApplication('Magento\\Framewo...')
#13 {main} [] []
[2019-05-13 07:02:13] main.CRITICAL: RuntimeException: Can't create directory /var/www/store/var/generation/Magento/Framework/App/Response/Http/. in /var/www/store/vendor/magento/framework/Code/Generator.php:115
Stack trace:
#0 /var/www/store/vendor/magento/framework/Code/Generator/Autoloader.php(35): Magento\Framework\Code\Generator->generateClass('Magento\\Framewo...')
#1 [internal function]: Magento\Framework\Code\Generator\Autoloader->load('Magento\\Framewo...')
#2 [internal function]: spl_autoload_call('Magento\\Framewo...')
#3 /var/www/store/vendor/magento/framework/Code/Reader/ClassReader.php(19): ReflectionClass->__construct('Magento\\Framewo...')
#4 /var/www/store/vendor/magento/framework/ObjectManager/Definition/Runtime.php(44): Magento\Framework\Code\Reader\ClassReader->getConstructor('Magento\\Framewo...')
#5 /var/www/store/vendor/magento/framework/ObjectManager/Factory/Dynamic/Developer.php(71): Magento\Framework\ObjectManager\Definition\Runtime->getParameters('Magento\\Framewo...')
#6 /var/www/store/vendor/magento/framework/ObjectManager/ObjectManager.php(71): Magento\Framework\ObjectManager\Factory\Dynamic\Developer->create('Magento\\Framewo...')
#7 /var/www/store/vendor/magento/framework/ObjectManager/Factory/AbstractFactory.php(126): Magento\Framework\ObjectManager\ObjectManager->get('Magento\\Framewo...')
#8 /var/www/store/vendor/magento/framework/ObjectManager/Factory/Dynamic/Developer.php(53): Magento\Framework\ObjectManager\Factory\AbstractFactory->resolveArgument(Array, 'Magento\\Framewo...', NULL, 'response', 'Magento\\Framewo...')
#9 /var/www/store/vendor/magento/framework/ObjectManager/Factory/Dynamic/Developer.php(82): Magento\Framework\ObjectManager\Factory\Dynamic\Developer->_resolveArguments('Magento\\Framewo...', Array, Array)
#10 /var/www/store/vendor/magento/framework/ObjectManager/ObjectManager.php(57): Magento\Framework\ObjectManager\Factory\Dynamic\Developer->create('Magento\\Framewo...', Array)
#11 /var/www/store/vendor/magento/framework/App/Bootstrap.php(233): Magento\Framework\ObjectManager\ObjectManager->create('Magento\\Framewo...', Array)
#12 /var/www/store/index.php(38): Magento\Framework\App\Bootstrap->createApplication('Magento\\Framewo...')
#13 {main} [] []
[2019-05-13 07:02:16] main.CRITICAL: RuntimeException: Can't create directory /var/www/store/var/generation/Magento/Framework/App/Response/Http/. in /var/www/store/vendor/magento/framework/Code/Generator.php:115
Stack trace:
#0 /var/www/store/vendor/magento/framework/Code/Generator/Autoloader.php(35): Magento\Framework\Code\Generator->generateClass('Magento\\Framewo...')
#1 [internal function]: Magento\Framework\Code\Generator\Autoloader->load('Magento\\Framewo...')
#2 [internal function]: spl_autoload_call('Magento\\Framewo...')
#3 /var/www/store/vendor/magento/framework/Code/Reader/ClassReader.php(19): ReflectionClass->__construct('Magento\\Framewo...')
#4 /var/www/store/vendor/magento/framework/ObjectManager/Definition/Runtime.php(44): Magento\Framework\Code\Reader\ClassReader->getConstructor('Magento\\Framewo...')
#5 /var/www/store/vendor/magento/framework/ObjectManager/Factory/Dynamic/Developer.php(71): Magento\Framework\ObjectManager\Definition\Runtime->getParameters('Magento\\Framewo...')
#6 /var/www/store/vendor/magento/framework/ObjectManager/ObjectManager.php(71): Magento\Framework\ObjectManager\Factory\Dynamic\Developer->create('Magento\\Framewo...')
#7 /var/www/store/vendor/magento/framework/ObjectManager/Factory/AbstractFactory.php(126): Magento\Framework\ObjectManager\ObjectManager->get('Magento\\Framewo...')
#8 /var/www/store/vendor/magento/framework/ObjectManager/Factory/Dynamic/Developer.php(53): Magento\Framework\ObjectManager\Factory\AbstractFactory->resolveArgument(Array, 'Magento\\Framewo...', NULL, 'response', 'Magento\\Framewo...')
#9 /var/www/store/vendor/magento/framework/ObjectManager/Factory/Dynamic/Developer.php(82): Magento\Framework\ObjectManager\Factory\Dynamic\Developer->_resolveArguments('Magento\\Framewo...', Array, Array)
#10 /var/www/store/vendor/magento/framework/ObjectManager/ObjectManager.php(57): Magento\Framework\ObjectManager\Factory\Dynamic\Developer->create('Magento\\Framewo...', Array)
#11 /var/www/store/vendor/magento/framework/App/Bootstrap.php(233): Magento\Framework\ObjectManager\ObjectManager->create('Magento\\Framewo...', Array)
#12 /var/www/store/index.php(38): Magento\Framework\App\Bootstrap->createApplication('Magento\\Framewo...')
#13 {main} [] []
[2019-05-13 07:02:16] main.CRITICAL: RuntimeException: Can't create directory /var/www/store/var/generation/Magento/Framework/App/Response/Http/. in /var/www/store/vendor/magento/framework/Code/Generator.php:115
Stack trace:
#0 /var/www/store/vendor/magento/framework/Code/Generator/Autoloader.php(35): Magento\Framework\Code\Generator->generateClass('Magento\\Framewo...')
#1 [internal function]: Magento\Framework\Code\Generator\Autoloader->load('Magento\\Framewo...')
#2 [internal function]: spl_autoload_call('Magento\\Framewo...')
#3 /var/www/store/vendor/magento/framework/Code/Reader/ClassReader.php(19): ReflectionClass->__construct('Magento\\Framewo...')
#4 /var/www/store/vendor/magento/framework/ObjectManager/Definition/Runtime.php(44): Magento\Framework\Code\Reader\ClassReader->getConstructor('Magento\\Framewo...')
#5 /var/www/store/vendor/magento/framework/ObjectManager/Factory/Dynamic/Developer.php(71): Magento\Framework\ObjectManager\Definition\Runtime->getParameters('Magento\\Framewo...')
#6 /var/www/store/vendor/magento/framework/ObjectManager/ObjectManager.php(71): Magento\Framework\ObjectManager\Factory\Dynamic\Developer->create('Magento\\Framewo...')
#7 /var/www/store/vendor/magento/framework/ObjectManager/Factory/AbstractFactory.php(126): Magento\Framework\ObjectManager\ObjectManager->get('Magento\\Framewo...')
#8 /var/www/store/vendor/magento/framework/ObjectManager/Factory/Dynamic/Developer.php(53): Magento\Framework\ObjectManager\Factory\AbstractFactory->resolveArgument(Array, 'Magento\\Framewo...', NULL, 'response', 'Magento\\Framewo...')
#9 /var/www/store/vendor/magento/framework/ObjectManager/Factory/Dynamic/Developer.php(82): Magento\Framework\ObjectManager\Factory\Dynamic\Developer->_resolveArguments('Magento\\Framewo...', Array, Array)
#10 /var/www/store/vendor/magento/framework/ObjectManager/ObjectManager.php(57): Magento\Framework\ObjectManager\Factory\Dynamic\Developer->create('Magento\\Framewo...', Array)
#11 /var/www/store/vendor/magento/framework/App/Bootstrap.php(233): Magento\Framework\ObjectManager\ObjectManager->create('Magento\\Framewo...', Array)
#12 /var/www/store/index.php(38): Magento\Framework\App\Bootstrap->createApplication('Magento\\Framewo...')
#13 {main} [] []
[2019-05-13 07:02:19] main.CRITICAL: RuntimeException: Can't create directory /var/www/store/var/generation/Magento/Framework/App/Response/Http/. in /var/www/store/vendor/magento/framework/Code/Generator.php:115
Stack trace:
#0 /var/www/store/vendor/magento/framework/Code/Generator/Autoloader.php(35): Magento\Framework\Code\Generator->generateClass('Magento\\Framewo...')
#1 [internal function]: Magento\Framework\Code\Generator\Autoloader->load('Magento\\Framewo...')
#2 [internal function]: spl_autoload_call('Magento\\Framewo...')
#3 /var/www/store/vendor/magento/framework/Code/Reader/ClassReader.php(19): ReflectionClass->__construct('Magento\\Framewo...')
#4 /var/www/store/vendor/magento/framework/ObjectManager/Definition/Runtime.php(44): Magento\Framework\Code\Reader\ClassReader->getConstructor('Magento\\Framewo...')
#5 /var/www/store/vendor/magento/framework/ObjectManager/Factory/Dynamic/Developer.php(71): Magento\Framework\ObjectManager\Definition\Runtime->getParameters('Magento\\Framewo...')
#6 /var/www/store/vendor/magento/framework/ObjectManager/ObjectManager.php(71): Magento\Framework\ObjectManager\Factory\Dynamic\Developer->create('Magento\\Framewo...')
#7 /var/www/store/vendor/magento/framework/ObjectManager/Factory/AbstractFactory.php(126): Magento\Framework\ObjectManager\ObjectManager->get('Magento\\Framewo...')
#8 /var/www/store/vendor/magento/framework/ObjectManager/Factory/Dynamic/Developer.php(53): Magento\Framework\ObjectManager\Factory\AbstractFactory->resolveArgument(Array, 'Magento\\Framewo...', NULL, 'response', 'Magento\\Framewo...')
#9 /var/www/store/vendor/magento/framework/ObjectManager/Factory/Dynamic/Developer.php(82): Magento\Framework\ObjectManager\Factory\Dynamic\Developer->_resolveArguments('Magento\\Framewo...', Array, Array)
#10 /var/www/store/vendor/magento/framework/ObjectManager/ObjectManager.php(57): Magento\Framework\ObjectManager\Factory\Dynamic\Developer->create('Magento\\Framewo...', Array)
#11 /var/www/store/vendor/magento/framework/App/Bootstrap.php(233): Magento\Framework\ObjectManager\ObjectManager->create('Magento\\Framewo...', Array)
#12 /var/www/store/index.php(38): Magento\Framework\App\Bootstrap->createApplication('Magento\\Framewo...')
#13 {main} [] []
[2019-05-13 07:02:19] main.CRITICAL: RuntimeException: Can't create directory /var/www/store/var/generation/Magento/Framework/App/Response/Http/. in /var/www/store/vendor/magento/framework/Code/Generator.php:115
Stack trace:
#0 /var/www/store/vendor/magento/framework/Code/Generator/Autoloader.php(35): Magento\Framework\Code\Generator->generateClass('Magento\\Framewo...')
#1 [internal function]: Magento\Framework\Code\Generator\Autoloader->load('Magento\\Framewo...')
#2 [internal function]: spl_autoload_call('Magento\\Framewo...')
#3 /var/www/store/vendor/magento/framework/Code/Reader/ClassReader.php(19): ReflectionClass->__construct('Magento\\Framewo...')
#4 /var/www/store/vendor/magento/framework/ObjectManager/Definition/Runtime.php(44): Magento\Framework\Code\Reader\ClassReader->getConstructor('Magento\\Framewo...')
#5 /var/www/store/vendor/magento/framework/ObjectManager/Factory/Dynamic/Developer.php(71): Magento\Framework\ObjectManager\Definition\Runtime->getParameters('Magento\\Framewo...')
#6 /var/www/store/vendor/magento/framework/ObjectManager/ObjectManager.php(71): Magento\Framework\ObjectManager\Factory\Dynamic\Developer->create('Magento\\Framewo...')
#7 /var/www/store/vendor/magento/framework/ObjectManager/Factory/AbstractFactory.php(126): Magento\Framework\ObjectManager\ObjectManager->get('Magento\\Framewo...')
#8 /var/www/store/vendor/magento/framework/ObjectManager/Factory/Dynamic/Developer.php(53): Magento\Framework\ObjectManager\Factory\AbstractFactory->resolveArgument(Array, 'Magento\\Framewo...', NULL, 'response', 'Magento\\Framewo...')
#9 /var/www/store/vendor/magento/framework/ObjectManager/Factory/Dynamic/Developer.php(82): Magento\Framework\ObjectManager\Factory\Dynamic\Developer->_resolveArguments('Magento\\Framewo...', Array, Array)
#10 /var/www/store/vendor/magento/framework/ObjectManager/ObjectManager.php(57): Magento\Framework\ObjectManager\Factory\Dynamic\Developer->create('Magento\\Framewo...', Array)
#11 /var/www/store/vendor/magento/framework/App/Bootstrap.php(233): Magento\Framework\ObjectManager\ObjectManager->create('Magento\\Framewo...', Array)
#12 /var/www/store/index.php(38): Magento\Framework\App\Bootstrap->createApplication('Magento\\Framewo...')
#13 {main} [] []
[2019-05-13 14:09:28] main.CRITICAL: Magento\Eav\Model\Entity\Attribute\Exception: Please correct the XML data and try again. Element 'referenceBlock': This element is not expected. Expected is one of ( referenceContainer, container, update, move ).
Line: 1
 in /var/www/store/vendor/magento/module-catalog/Model/Attribute/Backend/Customlayoutupdate.php:57
Stack trace:
#0 /var/www/store/vendor/magento/framework/Interception/Interceptor.php(74): Magento\Catalog\Model\Attribute\Backend\Customlayoutupdate->validate(Object(Magento\Catalog\Model\Category\Interceptor))
#1 /var/www/store/vendor/magento/framework/Interception/Chain/Chain.php(70): Magento\Catalog\Model\Attribute\Backend\Customlayoutupdate\Interceptor->___callParent('validate', Array)
#2 /var/www/store/vendor/magento/framework/Interception/Chain/Chain.php(63): Magento\Framework\Interception\Chain\Chain->invokeNext('Magento\\Catalog...', 'validate', Object(Magento\Catalog\Model\Attribute\Backend\Customlayoutupdate\Interceptor), Array, 'ConfigurablePro...')
#3 /var/www/store/vendor/magento/module-configurable-product/Plugin/Model/Attribute/Backend/AttributeValidation.php(53): Magento\Framework\Interception\Chain\Chain->Magento\Framework\Interception\Chain\{closure}(Object(Magento\Catalog\Model\Category\Interceptor))
#4 /var/www/store/vendor/magento/framework/Interception/Chain/Chain.php(67): Magento\ConfigurableProduct\Plugin\Model\Attribute\Backend\AttributeValidation->aroundValidate(Object(Magento\Catalog\Model\Attribute\Backend\Customlayoutupdate\Interceptor), Object(Closure), Object(Magento\Catalog\Model\Category\Interceptor))
#5 /var/www/store/vendor/magento/framework/Interception/Interceptor.php(138): Magento\Framework\Interception\Chain\Chain->invokeNext('Magento\\Catalog...', 'validate', Object(Magento\Catalog\Model\Attribute\Backend\Customlayoutupdate\Interceptor), Array, 'attributeValida...')
#6 /var/www/store/vendor/magento/module-catalog/Plugin/Model/Attribute/Backend/AttributeValidation.php(50): Magento\Catalog\Model\Attribute\Backend\Customlayoutupdate\Interceptor->Magento\Framework\Interception\{closure}(Object(Magento\Catalog\Model\Category\Interceptor))
#7 /var/www/store/vendor/magento/framework/Interception/Interceptor.php(142): Magento\Catalog\Plugin\Model\Attribute\Backend\AttributeValidation->aroundValidate(Object(Magento\Catalog\Model\Attribute\Backend\Customlayoutupdate\Interceptor), Object(Closure), Object(Magento\Catalog\Model\Category\Interceptor))
#8 /var/www/store/var/generation/Magento/Catalog/Model/Attribute/Backend/Customlayoutupdate/Interceptor.php(26): Magento\Catalog\Model\Attribute\Backend\Customlayoutupdate\Interceptor->___callPlugins('validate', Array, Array)
#9 [internal function]: Magento\Catalog\Model\Attribute\Backend\Customlayoutupdate\Interceptor->validate(Object(Magento\Catalog\Model\Category\Interceptor))
#10 /var/www/store/vendor/magento/module-eav/Model/Entity/AbstractEntity.php(641): call_user_func_array(Array, Array)
#11 /var/www/store/var/generation/Magento/Catalog/Model/ResourceModel/Category/Interceptor.php(596): Magento\Eav\Model\Entity\AbstractEntity->walkAttributes('backend/validat...', Array, NULL)
#12 /var/www/store/vendor/magento/module-eav/Model/Entity/AbstractEntity.php(835): Magento\Catalog\Model\ResourceModel\Category\Interceptor->walkAttributes('backend/validat...', Array, NULL)
#13 /var/www/store/var/generation/Magento/Catalog/Model/ResourceModel/Category/Interceptor.php(726): Magento\Eav\Model\Entity\AbstractEntity->validate(Object(Magento\Catalog\Model\Category\Interceptor))
#14 /var/www/store/vendor/magento/module-catalog/Model/Category.php(1070): Magento\Catalog\Model\ResourceModel\Category\Interceptor->validate(Object(Magento\Catalog\Model\Category\Interceptor))
#15 /var/www/store/var/generation/Magento/Catalog/Model/Category/Interceptor.php(570): Magento\Catalog\Model\Category->validate()
#16 /var/www/store/vendor/magento/module-catalog/Controller/Adminhtml/Category/Save.php(196): Magento\Catalog\Model\Category\Interceptor->validate()
#17 /var/www/store/var/generation/Magento/Catalog/Controller/Adminhtml/Category/Save/Interceptor.php(24): Magento\Catalog\Controller\Adminhtml\Category\Save->execute()
#18 /var/www/store/vendor/magento/framework/App/Action/Action.php(102): Magento\Catalog\Controller\Adminhtml\Category\Save\Interceptor->execute()
#19 /var/www/store/vendor/magento/module-backend/App/AbstractAction.php(226): Magento\Framework\App\Action\Action->dispatch(Object(Magento\Framework\App\Request\Http))
#20 /var/www/store/vendor/magento/framework/Interception/Interceptor.php(74): Magento\Backend\App\AbstractAction->dispatch(Object(Magento\Framework\App\Request\Http))
#21 /var/www/store/vendor/magento/framework/Interception/Chain/Chain.php(70): Magento\Catalog\Controller\Adminhtml\Category\Save\Interceptor->___callParent('dispatch', Array)
#22 /var/www/store/vendor/magento/framework/Interception/Chain/Chain.php(63): Magento\Framework\Interception\Chain\Chain->invokeNext('Magento\\Catalog...', 'dispatch', Object(Magento\Catalog\Controller\Adminhtml\Category\Save\Interceptor), Array, 'adminAuthentica...')
#23 /var/www/store/vendor/magento/module-backend/App/Action/Plugin/Authentication.php(143): Magento\Framework\Interception\Chain\Chain->Magento\Framework\Interception\Chain\{closure}(Object(Magento\Framework\App\Request\Http))
#24 /var/www/store/vendor/magento/framework/Interception/Chain/Chain.php(67): Magento\Backend\App\Action\Plugin\Authentication->aroundDispatch(Object(Magento\Catalog\Controller\Adminhtml\Category\Save\Interceptor), Object(Closure), Object(Magento\Framework\App\Request\Http))
#25 /var/www/store/vendor/magento/framework/Interception/Interceptor.php(138): Magento\Framework\Interception\Chain\Chain->invokeNext('Magento\\Catalog...', 'dispatch', Object(Magento\Catalog\Controller\Adminhtml\Category\Save\Interceptor), Array, 'adminMassaction...')
#26 /var/www/store/vendor/magento/module-backend/App/Action/Plugin/MassactionKey.php(33): Magento\Catalog\Controller\Adminhtml\Category\Save\Interceptor->Magento\Framework\Interception\{closure}(Object(Magento\Framework\App\Request\Http))
#27 /var/www/store/vendor/magento/framework/Interception/Interceptor.php(142): Magento\Backend\App\Action\Plugin\MassactionKey->aroundDispatch(Object(Magento\Catalog\Controller\Adminhtml\Category\Save\Interceptor), Object(Closure), Object(Magento\Framework\App\Request\Http))
#28 /var/www/store/var/generation/Magento/Catalog/Controller/Adminhtml/Category/Save/Interceptor.php(65): Magento\Catalog\Controller\Adminhtml\Category\Save\Interceptor->___callPlugins('dispatch', Array, Array)
#29 /var/www/store/vendor/magento/framework/App/FrontController.php(55): Magento\Catalog\Controller\Adminhtml\Category\Save\Interceptor->dispatch(Object(Magento\Framework\App\Request\Http))
#30 /var/www/store/vendor/magento/framework/Interception/Interceptor.php(74): Magento\Framework\App\FrontController->dispatch(Object(Magento\Framework\App\Request\Http))
#31 /var/www/store/vendor/magento/framework/Interception/Chain/Chain.php(70): Magento\Framework\App\FrontController\Interceptor->___callParent('dispatch', Array)
#32 /var/www/store/vendor/magento/framework/Interception/Interceptor.php(138): Magento\Framework\Interception\Chain\Chain->invokeNext('Magento\\Framewo...', 'dispatch', Object(Magento\Framework\App\FrontController\Interceptor), Array, 'install')
#33 /var/www/store/vendor/magento/framework/Module/Plugin/DbStatusValidator.php(69): Magento\Framework\App\FrontController\Interceptor->Magento\Framework\Interception\{closure}(Object(Magento\Framework\App\Request\Http))
#34 /var/www/store/vendor/magento/framework/Interception/Interceptor.php(142): Magento\Framework\Module\Plugin\DbStatusValidator->aroundDispatch(Object(Magento\Framework\App\FrontController\Interceptor), Object(Closure), Object(Magento\Framework\App\Request\Http))
#35 /var/www/store/var/generation/Magento/Framework/App/FrontController/Interceptor.php(26): Magento\Framework\App\FrontController\Interceptor->___callPlugins('dispatch', Array, Array)
#36 /var/www/store/vendor/magento/framework/App/Http.php(135): Magento\Framework\App\FrontController\Interceptor->dispatch(Object(Magento\Framework\App\Request\Http))
#37 /var/www/store/vendor/magento/framework/App/Bootstrap.php(258): Magento\Framework\App\Http->launch()
#38 /var/www/store/index.php(39): Magento\Framework\App\Bootstrap->run(Object(Magento\Framework\App\Http))
#39 {main} [] []
[2019-05-13 14:09:38] main.CRITICAL: Magento\Eav\Model\Entity\Attribute\Exception: Please correct the XML data and try again. Element 'referenceBlock': This element is not expected. Expected is one of ( referenceContainer, container, update, move ).
Line: 1
 in /var/www/store/vendor/magento/module-catalog/Model/Attribute/Backend/Customlayoutupdate.php:57
Stack trace:
#0 /var/www/store/vendor/magento/framework/Interception/Interceptor.php(74): Magento\Catalog\Model\Attribute\Backend\Customlayoutupdate->validate(Object(Magento\Catalog\Model\Category\Interceptor))
#1 /var/www/store/vendor/magento/framework/Interception/Chain/Chain.php(70): Magento\Catalog\Model\Attribute\Backend\Customlayoutupdate\Interceptor->___callParent('validate', Array)
#2 /var/www/store/vendor/magento/framework/Interception/Chain/Chain.php(63): Magento\Framework\Interception\Chain\Chain->invokeNext('Magento\\Catalog...', 'validate', Object(Magento\Catalog\Model\Attribute\Backend\Customlayoutupdate\Interceptor), Array, 'ConfigurablePro...')
#3 /var/www/store/vendor/magento/module-configurable-product/Plugin/Model/Attribute/Backend/AttributeValidation.php(53): Magento\Framework\Interception\Chain\Chain->Magento\Framework\Interception\Chain\{closure}(Object(Magento\Catalog\Model\Category\Interceptor))
#4 /var/www/store/vendor/magento/framework/Interception/Chain/Chain.php(67): Magento\ConfigurableProduct\Plugin\Model\Attribute\Backend\AttributeValidation->aroundValidate(Object(Magento\Catalog\Model\Attribute\Backend\Customlayoutupdate\Interceptor), Object(Closure), Object(Magento\Catalog\Model\Category\Interceptor))
#5 /var/www/store/vendor/magento/framework/Interception/Interceptor.php(138): Magento\Framework\Interception\Chain\Chain->invokeNext('Magento\\Catalog...', 'validate', Object(Magento\Catalog\Model\Attribute\Backend\Customlayoutupdate\Interceptor), Array, 'attributeValida...')
#6 /var/www/store/vendor/magento/module-catalog/Plugin/Model/Attribute/Backend/AttributeValidation.php(50): Magento\Catalog\Model\Attribute\Backend\Customlayoutupdate\Interceptor->Magento\Framework\Interception\{closure}(Object(Magento\Catalog\Model\Category\Interceptor))
#7 /var/www/store/vendor/magento/framework/Interception/Interceptor.php(142): Magento\Catalog\Plugin\Model\Attribute\Backend\AttributeValidation->aroundValidate(Object(Magento\Catalog\Model\Attribute\Backend\Customlayoutupdate\Interceptor), Object(Closure), Object(Magento\Catalog\Model\Category\Interceptor))
#8 /var/www/store/var/generation/Magento/Catalog/Model/Attribute/Backend/Customlayoutupdate/Interceptor.php(26): Magento\Catalog\Model\Attribute\Backend\Customlayoutupdate\Interceptor->___callPlugins('validate', Array, Array)
#9 [internal function]: Magento\Catalog\Model\Attribute\Backend\Customlayoutupdate\Interceptor->validate(Object(Magento\Catalog\Model\Category\Interceptor))
#10 /var/www/store/vendor/magento/module-eav/Model/Entity/AbstractEntity.php(641): call_user_func_array(Array, Array)
#11 /var/www/store/var/generation/Magento/Catalog/Model/ResourceModel/Category/Interceptor.php(596): Magento\Eav\Model\Entity\AbstractEntity->walkAttributes('backend/validat...', Array, NULL)
#12 /var/www/store/vendor/magento/module-eav/Model/Entity/AbstractEntity.php(835): Magento\Catalog\Model\ResourceModel\Category\Interceptor->walkAttributes('backend/validat...', Array, NULL)
#13 /var/www/store/var/generation/Magento/Catalog/Model/ResourceModel/Category/Interceptor.php(726): Magento\Eav\Model\Entity\AbstractEntity->validate(Object(Magento\Catalog\Model\Category\Interceptor))
#14 /var/www/store/vendor/magento/module-catalog/Model/Category.php(1070): Magento\Catalog\Model\ResourceModel\Category\Interceptor->validate(Object(Magento\Catalog\Model\Category\Interceptor))
#15 /var/www/store/var/generation/Magento/Catalog/Model/Category/Interceptor.php(570): Magento\Catalog\Model\Category->validate()
#16 /var/www/store/vendor/magento/module-catalog/Controller/Adminhtml/Category/Save.php(196): Magento\Catalog\Model\Category\Interceptor->validate()
#17 /var/www/store/var/generation/Magento/Catalog/Controller/Adminhtml/Category/Save/Interceptor.php(24): Magento\Catalog\Controller\Adminhtml\Category\Save->execute()
#18 /var/www/store/vendor/magento/framework/App/Action/Action.php(102): Magento\Catalog\Controller\Adminhtml\Category\Save\Interceptor->execute()
#19 /var/www/store/vendor/magento/module-backend/App/AbstractAction.php(226): Magento\Framework\App\Action\Action->dispatch(Object(Magento\Framework\App\Request\Http))
#20 /var/www/store/vendor/magento/framework/Interception/Interceptor.php(74): Magento\Backend\App\AbstractAction->dispatch(Object(Magento\Framework\App\Request\Http))
#21 /var/www/store/vendor/magento/framework/Interception/Chain/Chain.php(70): Magento\Catalog\Controller\Adminhtml\Category\Save\Interceptor->___callParent('dispatch', Array)
#22 /var/www/store/vendor/magento/framework/Interception/Chain/Chain.php(63): Magento\Framework\Interception\Chain\Chain->invokeNext('Magento\\Catalog...', 'dispatch', Object(Magento\Catalog\Controller\Adminhtml\Category\Save\Interceptor), Array, 'adminAuthentica...')
#23 /var/www/store/vendor/magento/module-backend/App/Action/Plugin/Authentication.php(143): Magento\Framework\Interception\Chain\Chain->Magento\Framework\Interception\Chain\{closure}(Object(Magento\Framework\App\Request\Http))
#24 /var/www/store/vendor/magento/framework/Interception/Chain/Chain.php(67): Magento\Backend\App\Action\Plugin\Authentication->aroundDispatch(Object(Magento\Catalog\Controller\Adminhtml\Category\Save\Interceptor), Object(Closure), Object(Magento\Framework\App\Request\Http))
#25 /var/www/store/vendor/magento/framework/Interception/Interceptor.php(138): Magento\Framework\Interception\Chain\Chain->invokeNext('Magento\\Catalog...', 'dispatch', Object(Magento\Catalog\Controller\Adminhtml\Category\Save\Interceptor), Array, 'adminMassaction...')
#26 /var/www/store/vendor/magento/module-backend/App/Action/Plugin/MassactionKey.php(33): Magento\Catalog\Controller\Adminhtml\Category\Save\Interceptor->Magento\Framework\Interception\{closure}(Object(Magento\Framework\App\Request\Http))
#27 /var/www/store/vendor/magento/framework/Interception/Interceptor.php(142): Magento\Backend\App\Action\Plugin\MassactionKey->aroundDispatch(Object(Magento\Catalog\Controller\Adminhtml\Category\Save\Interceptor), Object(Closure), Object(Magento\Framework\App\Request\Http))
#28 /var/www/store/var/generation/Magento/Catalog/Controller/Adminhtml/Category/Save/Interceptor.php(65): Magento\Catalog\Controller\Adminhtml\Category\Save\Interceptor->___callPlugins('dispatch', Array, Array)
#29 /var/www/store/vendor/magento/framework/App/FrontController.php(55): Magento\Catalog\Controller\Adminhtml\Category\Save\Interceptor->dispatch(Object(Magento\Framework\App\Request\Http))
#30 /var/www/store/vendor/magento/framework/Interception/Interceptor.php(74): Magento\Framework\App\FrontController->dispatch(Object(Magento\Framework\App\Request\Http))
#31 /var/www/store/vendor/magento/framework/Interception/Chain/Chain.php(70): Magento\Framework\App\FrontController\Interceptor->___callParent('dispatch', Array)
#32 /var/www/store/vendor/magento/framework/Interception/Interceptor.php(138): Magento\Framework\Interception\Chain\Chain->invokeNext('Magento\\Framewo...', 'dispatch', Object(Magento\Framework\App\FrontController\Interceptor), Array, 'install')
#33 /var/www/store/vendor/magento/framework/Module/Plugin/DbStatusValidator.php(69): Magento\Framework\App\FrontController\Interceptor->Magento\Framework\Interception\{closure}(Object(Magento\Framework\App\Request\Http))
#34 /var/www/store/vendor/magento/framework/Interception/Interceptor.php(142): Magento\Framework\Module\Plugin\DbStatusValidator->aroundDispatch(Object(Magento\Framework\App\FrontController\Interceptor), Object(Closure), Object(Magento\Framework\App\Request\Http))
#35 /var/www/store/var/generation/Magento/Framework/App/FrontController/Interceptor.php(26): Magento\Framework\App\FrontController\Interceptor->___callPlugins('dispatch', Array, Array)
#36 /var/www/store/vendor/magento/framework/App/Http.php(135): Magento\Framework\App\FrontController\Interceptor->dispatch(Object(Magento\Framework\App\Request\Http))
#37 /var/www/store/vendor/magento/framework/App/Bootstrap.php(258): Magento\Framework\App\Http->launch()
#38 /var/www/store/index.php(39): Magento\Framework\App\Bootstrap->run(Object(Magento\Framework\App\Http))
#39 {main} [] []
[2019-05-13 14:09:53] main.CRITICAL: Magento\Eav\Model\Entity\Attribute\Exception: Please correct the XML data and try again. Element 'referenceBlock': This element is not expected. Expected is one of ( referenceContainer, container, update, move ).
Line: 1
 in /var/www/store/vendor/magento/module-catalog/Model/Attribute/Backend/Customlayoutupdate.php:57
Stack trace:
#0 /var/www/store/vendor/magento/framework/Interception/Interceptor.php(74): Magento\Catalog\Model\Attribute\Backend\Customlayoutupdate->validate(Object(Magento\Catalog\Model\Category\Interceptor))
#1 /var/www/store/vendor/magento/framework/Interception/Chain/Chain.php(70): Magento\Catalog\Model\Attribute\Backend\Customlayoutupdate\Interceptor->___callParent('validate', Array)
#2 /var/www/store/vendor/magento/framework/Interception/Chain/Chain.php(63): Magento\Framework\Interception\Chain\Chain->invokeNext('Magento\\Catalog...', 'validate', Object(Magento\Catalog\Model\Attribute\Backend\Customlayoutupdate\Interceptor), Array, 'ConfigurablePro...')
#3 /var/www/store/vendor/magento/module-configurable-product/Plugin/Model/Attribute/Backend/AttributeValidation.php(53): Magento\Framework\Interception\Chain\Chain->Magento\Framework\Interception\Chain\{closure}(Object(Magento\Catalog\Model\Category\Interceptor))
#4 /var/www/store/vendor/magento/framework/Interception/Chain/Chain.php(67): Magento\ConfigurableProduct\Plugin\Model\Attribute\Backend\AttributeValidation->aroundValidate(Object(Magento\Catalog\Model\Attribute\Backend\Customlayoutupdate\Interceptor), Object(Closure), Object(Magento\Catalog\Model\Category\Interceptor))
#5 /var/www/store/vendor/magento/framework/Interception/Interceptor.php(138): Magento\Framework\Interception\Chain\Chain->invokeNext('Magento\\Catalog...', 'validate', Object(Magento\Catalog\Model\Attribute\Backend\Customlayoutupdate\Interceptor), Array, 'attributeValida...')
#6 /var/www/store/vendor/magento/module-catalog/Plugin/Model/Attribute/Backend/AttributeValidation.php(50): Magento\Catalog\Model\Attribute\Backend\Customlayoutupdate\Interceptor->Magento\Framework\Interception\{closure}(Object(Magento\Catalog\Model\Category\Interceptor))
#7 /var/www/store/vendor/magento/framework/Interception/Interceptor.php(142): Magento\Catalog\Plugin\Model\Attribute\Backend\AttributeValidation->aroundValidate(Object(Magento\Catalog\Model\Attribute\Backend\Customlayoutupdate\Interceptor), Object(Closure), Object(Magento\Catalog\Model\Category\Interceptor))
#8 /var/www/store/var/generation/Magento/Catalog/Model/Attribute/Backend/Customlayoutupdate/Interceptor.php(26): Magento\Catalog\Model\Attribute\Backend\Customlayoutupdate\Interceptor->___callPlugins('validate', Array, Array)
#9 [internal function]: Magento\Catalog\Model\Attribute\Backend\Customlayoutupdate\Interceptor->validate(Object(Magento\Catalog\Model\Category\Interceptor))
#10 /var/www/store/vendor/magento/module-eav/Model/Entity/AbstractEntity.php(641): call_user_func_array(Array, Array)
#11 /var/www/store/var/generation/Magento/Catalog/Model/ResourceModel/Category/Interceptor.php(596): Magento\Eav\Model\Entity\AbstractEntity->walkAttributes('backend/validat...', Array, NULL)
#12 /var/www/store/vendor/magento/module-eav/Model/Entity/AbstractEntity.php(835): Magento\Catalog\Model\ResourceModel\Category\Interceptor->walkAttributes('backend/validat...', Array, NULL)
#13 /var/www/store/var/generation/Magento/Catalog/Model/ResourceModel/Category/Interceptor.php(726): Magento\Eav\Model\Entity\AbstractEntity->validate(Object(Magento\Catalog\Model\Category\Interceptor))
#14 /var/www/store/vendor/magento/module-catalog/Model/Category.php(1070): Magento\Catalog\Model\ResourceModel\Category\Interceptor->validate(Object(Magento\Catalog\Model\Category\Interceptor))
#15 /var/www/store/var/generation/Magento/Catalog/Model/Category/Interceptor.php(570): Magento\Catalog\Model\Category->validate()
#16 /var/www/store/vendor/magento/module-catalog/Controller/Adminhtml/Category/Save.php(196): Magento\Catalog\Model\Category\Interceptor->validate()
#17 /var/www/store/var/generation/Magento/Catalog/Controller/Adminhtml/Category/Save/Interceptor.php(24): Magento\Catalog\Controller\Adminhtml\Category\Save->execute()
#18 /var/www/store/vendor/magento/framework/App/Action/Action.php(102): Magento\Catalog\Controller\Adminhtml\Category\Save\Interceptor->execute()
#19 /var/www/store/vendor/magento/module-backend/App/AbstractAction.php(226): Magento\Framework\App\Action\Action->dispatch(Object(Magento\Framework\App\Request\Http))
#20 /var/www/store/vendor/magento/framework/Interception/Interceptor.php(74): Magento\Backend\App\AbstractAction->dispatch(Object(Magento\Framework\App\Request\Http))
#21 /var/www/store/vendor/magento/framework/Interception/Chain/Chain.php(70): Magento\Catalog\Controller\Adminhtml\Category\Save\Interceptor->___callParent('dispatch', Array)
#22 /var/www/store/vendor/magento/framework/Interception/Chain/Chain.php(63): Magento\Framework\Interception\Chain\Chain->invokeNext('Magento\\Catalog...', 'dispatch', Object(Magento\Catalog\Controller\Adminhtml\Category\Save\Interceptor), Array, 'adminAuthentica...')
#23 /var/www/store/vendor/magento/module-backend/App/Action/Plugin/Authentication.php(143): Magento\Framework\Interception\Chain\Chain->Magento\Framework\Interception\Chain\{closure}(Object(Magento\Framework\App\Request\Http))
#24 /var/www/store/vendor/magento/framework/Interception/Chain/Chain.php(67): Magento\Backend\App\Action\Plugin\Authentication->aroundDispatch(Object(Magento\Catalog\Controller\Adminhtml\Category\Save\Interceptor), Object(Closure), Object(Magento\Framework\App\Request\Http))
#25 /var/www/store/vendor/magento/framework/Interception/Interceptor.php(138): Magento\Framework\Interception\Chain\Chain->invokeNext('Magento\\Catalog...', 'dispatch', Object(Magento\Catalog\Controller\Adminhtml\Category\Save\Interceptor), Array, 'adminMassaction...')
#26 /var/www/store/vendor/magento/module-backend/App/Action/Plugin/MassactionKey.php(33): Magento\Catalog\Controller\Adminhtml\Category\Save\Interceptor->Magento\Framework\Interception\{closure}(Object(Magento\Framework\App\Request\Http))
#27 /var/www/store/vendor/magento/framework/Interception/Interceptor.php(142): Magento\Backend\App\Action\Plugin\MassactionKey->aroundDispatch(Object(Magento\Catalog\Controller\Adminhtml\Category\Save\Interceptor), Object(Closure), Object(Magento\Framework\App\Request\Http))
#28 /var/www/store/var/generation/Magento/Catalog/Controller/Adminhtml/Category/Save/Interceptor.php(65): Magento\Catalog\Controller\Adminhtml\Category\Save\Interceptor->___callPlugins('dispatch', Array, Array)
#29 /var/www/store/vendor/magento/framework/App/FrontController.php(55): Magento\Catalog\Controller\Adminhtml\Category\Save\Interceptor->dispatch(Object(Magento\Framework\App\Request\Http))
#30 /var/www/store/vendor/magento/framework/Interception/Interceptor.php(74): Magento\Framework\App\FrontController->dispatch(Object(Magento\Framework\App\Request\Http))
#31 /var/www/store/vendor/magento/framework/Interception/Chain/Chain.php(70): Magento\Framework\App\FrontController\Interceptor->___callParent('dispatch', Array)
#32 /var/www/store/vendor/magento/framework/Interception/Interceptor.php(138): Magento\Framework\Interception\Chain\Chain->invokeNext('Magento\\Framewo...', 'dispatch', Object(Magento\Framework\App\FrontController\Interceptor), Array, 'install')
#33 /var/www/store/vendor/magento/framework/Module/Plugin/DbStatusValidator.php(69): Magento\Framework\App\FrontController\Interceptor->Magento\Framework\Interception\{closure}(Object(Magento\Framework\App\Request\Http))
#34 /var/www/store/vendor/magento/framework/Interception/Interceptor.php(142): Magento\Framework\Module\Plugin\DbStatusValidator->aroundDispatch(Object(Magento\Framework\App\FrontController\Interceptor), Object(Closure), Object(Magento\Framework\App\Request\Http))
#35 /var/www/store/var/generation/Magento/Framework/App/FrontController/Interceptor.php(26): Magento\Framework\App\FrontController\Interceptor->___callPlugins('dispatch', Array, Array)
#36 /var/www/store/vendor/magento/framework/App/Http.php(135): Magento\Framework\App\FrontController\Interceptor->dispatch(Object(Magento\Framework\App\Request\Http))
#37 /var/www/store/vendor/magento/framework/App/Bootstrap.php(258): Magento\Framework\App\Http->launch()
#38 /var/www/store/index.php(39): Magento\Framework\App\Bootstrap->run(Object(Magento\Framework\App\Http))
#39 {main} [] []
[2019-05-13 14:11:22] main.CRITICAL: Magento\Eav\Model\Entity\Attribute\Exception: Please correct the XML data and try again. Element 'referenceBlock': This element is not expected. Expected is one of ( referenceContainer, container, update, move ).
Line: 1
 in /var/www/store/vendor/magento/module-catalog/Model/Attribute/Backend/Customlayoutupdate.php:57
Stack trace:
#0 /var/www/store/vendor/magento/framework/Interception/Interceptor.php(74): Magento\Catalog\Model\Attribute\Backend\Customlayoutupdate->validate(Object(Magento\Catalog\Model\Category\Interceptor))
#1 /var/www/store/vendor/magento/framework/Interception/Chain/Chain.php(70): Magento\Catalog\Model\Attribute\Backend\Customlayoutupdate\Interceptor->___callParent('validate', Array)
#2 /var/www/store/vendor/magento/framework/Interception/Chain/Chain.php(63): Magento\Framework\Interception\Chain\Chain->invokeNext('Magento\\Catalog...', 'validate', Object(Magento\Catalog\Model\Attribute\Backend\Customlayoutupdate\Interceptor), Array, 'ConfigurablePro...')
#3 /var/www/store/vendor/magento/module-configurable-product/Plugin/Model/Attribute/Backend/AttributeValidation.php(53): Magento\Framework\Interception\Chain\Chain->Magento\Framework\Interception\Chain\{closure}(Object(Magento\Catalog\Model\Category\Interceptor))
#4 /var/www/store/vendor/magento/framework/Interception/Chain/Chain.php(67): Magento\ConfigurableProduct\Plugin\Model\Attribute\Backend\AttributeValidation->aroundValidate(Object(Magento\Catalog\Model\Attribute\Backend\Customlayoutupdate\Interceptor), Object(Closure), Object(Magento\Catalog\Model\Category\Interceptor))
#5 /var/www/store/vendor/magento/framework/Interception/Interceptor.php(138): Magento\Framework\Interception\Chain\Chain->invokeNext('Magento\\Catalog...', 'validate', Object(Magento\Catalog\Model\Attribute\Backend\Customlayoutupdate\Interceptor), Array, 'attributeValida...')
#6 /var/www/store/vendor/magento/module-catalog/Plugin/Model/Attribute/Backend/AttributeValidation.php(50): Magento\Catalog\Model\Attribute\Backend\Customlayoutupdate\Interceptor->Magento\Framework\Interception\{closure}(Object(Magento\Catalog\Model\Category\Interceptor))
#7 /var/www/store/vendor/magento/framework/Interception/Interceptor.php(142): Magento\Catalog\Plugin\Model\Attribute\Backend\AttributeValidation->aroundValidate(Object(Magento\Catalog\Model\Attribute\Backend\Customlayoutupdate\Interceptor), Object(Closure), Object(Magento\Catalog\Model\Category\Interceptor))
#8 /var/www/store/var/generation/Magento/Catalog/Model/Attribute/Backend/Customlayoutupdate/Interceptor.php(26): Magento\Catalog\Model\Attribute\Backend\Customlayoutupdate\Interceptor->___callPlugins('validate', Array, Array)
#9 [internal function]: Magento\Catalog\Model\Attribute\Backend\Customlayoutupdate\Interceptor->validate(Object(Magento\Catalog\Model\Category\Interceptor))
#10 /var/www/store/vendor/magento/module-eav/Model/Entity/AbstractEntity.php(641): call_user_func_array(Array, Array)
#11 /var/www/store/var/generation/Magento/Catalog/Model/ResourceModel/Category/Interceptor.php(596): Magento\Eav\Model\Entity\AbstractEntity->walkAttributes('backend/validat...', Array, NULL)
#12 /var/www/store/vendor/magento/module-eav/Model/Entity/AbstractEntity.php(835): Magento\Catalog\Model\ResourceModel\Category\Interceptor->walkAttributes('backend/validat...', Array, NULL)
#13 /var/www/store/var/generation/Magento/Catalog/Model/ResourceModel/Category/Interceptor.php(726): Magento\Eav\Model\Entity\AbstractEntity->validate(Object(Magento\Catalog\Model\Category\Interceptor))
#14 /var/www/store/vendor/magento/module-catalog/Model/Category.php(1070): Magento\Catalog\Model\ResourceModel\Category\Interceptor->validate(Object(Magento\Catalog\Model\Category\Interceptor))
#15 /var/www/store/var/generation/Magento/Catalog/Model/Category/Interceptor.php(570): Magento\Catalog\Model\Category->validate()
#16 /var/www/store/vendor/magento/module-catalog/Controller/Adminhtml/Category/Save.php(196): Magento\Catalog\Model\Category\Interceptor->validate()
#17 /var/www/store/var/generation/Magento/Catalog/Controller/Adminhtml/Category/Save/Interceptor.php(24): Magento\Catalog\Controller\Adminhtml\Category\Save->execute()
#18 /var/www/store/vendor/magento/framework/App/Action/Action.php(102): Magento\Catalog\Controller\Adminhtml\Category\Save\Interceptor->execute()
#19 /var/www/store/vendor/magento/module-backend/App/AbstractAction.php(226): Magento\Framework\App\Action\Action->dispatch(Object(Magento\Framework\App\Request\Http))
#20 /var/www/store/vendor/magento/framework/Interception/Interceptor.php(74): Magento\Backend\App\AbstractAction->dispatch(Object(Magento\Framework\App\Request\Http))
#21 /var/www/store/vendor/magento/framework/Interception/Chain/Chain.php(70): Magento\Catalog\Controller\Adminhtml\Category\Save\Interceptor->___callParent('dispatch', Array)
#22 /var/www/store/vendor/magento/framework/Interception/Chain/Chain.php(63): Magento\Framework\Interception\Chain\Chain->invokeNext('Magento\\Catalog...', 'dispatch', Object(Magento\Catalog\Controller\Adminhtml\Category\Save\Interceptor), Array, 'adminAuthentica...')
#23 /var/www/store/vendor/magento/module-backend/App/Action/Plugin/Authentication.php(143): Magento\Framework\Interception\Chain\Chain->Magento\Framework\Interception\Chain\{closure}(Object(Magento\Framework\App\Request\Http))
#24 /var/www/store/vendor/magento/framework/Interception/Chain/Chain.php(67): Magento\Backend\App\Action\Plugin\Authentication->aroundDispatch(Object(Magento\Catalog\Controller\Adminhtml\Category\Save\Interceptor), Object(Closure), Object(Magento\Framework\App\Request\Http))
#25 /var/www/store/vendor/magento/framework/Interception/Interceptor.php(138): Magento\Framework\Interception\Chain\Chain->invokeNext('Magento\\Catalog...', 'dispatch', Object(Magento\Catalog\Controller\Adminhtml\Category\Save\Interceptor), Array, 'adminMassaction...')
#26 /var/www/store/vendor/magento/module-backend/App/Action/Plugin/MassactionKey.php(33): Magento\Catalog\Controller\Adminhtml\Category\Save\Interceptor->Magento\Framework\Interception\{closure}(Object(Magento\Framework\App\Request\Http))
#27 /var/www/store/vendor/magento/framework/Interception/Interceptor.php(142): Magento\Backend\App\Action\Plugin\MassactionKey->aroundDispatch(Object(Magento\Catalog\Controller\Adminhtml\Category\Save\Interceptor), Object(Closure), Object(Magento\Framework\App\Request\Http))
#28 /var/www/store/var/generation/Magento/Catalog/Controller/Adminhtml/Category/Save/Interceptor.php(65): Magento\Catalog\Controller\Adminhtml\Category\Save\Interceptor->___callPlugins('dispatch', Array, Array)
#29 /var/www/store/vendor/magento/framework/App/FrontController.php(55): Magento\Catalog\Controller\Adminhtml\Category\Save\Interceptor->dispatch(Object(Magento\Framework\App\Request\Http))
#30 /var/www/store/vendor/magento/framework/Interception/Interceptor.php(74): Magento\Framework\App\FrontController->dispatch(Object(Magento\Framework\App\Request\Http))
#31 /var/www/store/vendor/magento/framework/Interception/Chain/Chain.php(70): Magento\Framework\App\FrontController\Interceptor->___callParent('dispatch', Array)
#32 /var/www/store/vendor/magento/framework/Interception/Interceptor.php(138): Magento\Framework\Interception\Chain\Chain->invokeNext('Magento\\Framewo...', 'dispatch', Object(Magento\Framework\App\FrontController\Interceptor), Array, 'install')
#33 /var/www/store/vendor/magento/framework/Module/Plugin/DbStatusValidator.php(69): Magento\Framework\App\FrontController\Interceptor->Magento\Framework\Interception\{closure}(Object(Magento\Framework\App\Request\Http))
#34 /var/www/store/vendor/magento/framework/Interception/Interceptor.php(142): Magento\Framework\Module\Plugin\DbStatusValidator->aroundDispatch(Object(Magento\Framework\App\FrontController\Interceptor), Object(Closure), Object(Magento\Framework\App\Request\Http))
#35 /var/www/store/var/generation/Magento/Framework/App/FrontController/Interceptor.php(26): Magento\Framework\App\FrontController\Interceptor->___callPlugins('dispatch', Array, Array)
#36 /var/www/store/vendor/magento/framework/App/Http.php(135): Magento\Framework\App\FrontController\Interceptor->dispatch(Object(Magento\Framework\App\Request\Http))
#37 /var/www/store/vendor/magento/framework/App/Bootstrap.php(258): Magento\Framework\App\Http->launch()
#38 /var/www/store/index.php(39): Magento\Framework\App\Bootstrap->run(Object(Magento\Framework\App\Http))
#39 {main} [] []
[2019-05-13 14:13:15] main.CRITICAL: Magento\Eav\Model\Entity\Attribute\Exception: Please correct the XML data and try again. Element 'referenceBlock': This element is not expected. Expected is one of ( referenceContainer, container, update, move ).
Line: 1
 in /var/www/store/vendor/magento/module-catalog/Model/Attribute/Backend/Customlayoutupdate.php:57
Stack trace:
#0 /var/www/store/vendor/magento/framework/Interception/Interceptor.php(74): Magento\Catalog\Model\Attribute\Backend\Customlayoutupdate->validate(Object(Magento\Catalog\Model\Category\Interceptor))
#1 /var/www/store/vendor/magento/framework/Interception/Chain/Chain.php(70): Magento\Catalog\Model\Attribute\Backend\Customlayoutupdate\Interceptor->___callParent('validate', Array)
#2 /var/www/store/vendor/magento/framework/Interception/Chain/Chain.php(63): Magento\Framework\Interception\Chain\Chain->invokeNext('Magento\\Catalog...', 'validate', Object(Magento\Catalog\Model\Attribute\Backend\Customlayoutupdate\Interceptor), Array, 'ConfigurablePro...')
#3 /var/www/store/vendor/magento/module-configurable-product/Plugin/Model/Attribute/Backend/AttributeValidation.php(53): Magento\Framework\Interception\Chain\Chain->Magento\Framework\Interception\Chain\{closure}(Object(Magento\Catalog\Model\Category\Interceptor))
#4 /var/www/store/vendor/magento/framework/Interception/Chain/Chain.php(67): Magento\ConfigurableProduct\Plugin\Model\Attribute\Backend\AttributeValidation->aroundValidate(Object(Magento\Catalog\Model\Attribute\Backend\Customlayoutupdate\Interceptor), Object(Closure), Object(Magento\Catalog\Model\Category\Interceptor))
#5 /var/www/store/vendor/magento/framework/Interception/Interceptor.php(138): Magento\Framework\Interception\Chain\Chain->invokeNext('Magento\\Catalog...', 'validate', Object(Magento\Catalog\Model\Attribute\Backend\Customlayoutupdate\Interceptor), Array, 'attributeValida...')
#6 /var/www/store/vendor/magento/module-catalog/Plugin/Model/Attribute/Backend/AttributeValidation.php(50): Magento\Catalog\Model\Attribute\Backend\Customlayoutupdate\Interceptor->Magento\Framework\Interception\{closure}(Object(Magento\Catalog\Model\Category\Interceptor))
#7 /var/www/store/vendor/magento/framework/Interception/Interceptor.php(142): Magento\Catalog\Plugin\Model\Attribute\Backend\AttributeValidation->aroundValidate(Object(Magento\Catalog\Model\Attribute\Backend\Customlayoutupdate\Interceptor), Object(Closure), Object(Magento\Catalog\Model\Category\Interceptor))
#8 /var/www/store/var/generation/Magento/Catalog/Model/Attribute/Backend/Customlayoutupdate/Interceptor.php(26): Magento\Catalog\Model\Attribute\Backend\Customlayoutupdate\Interceptor->___callPlugins('validate', Array, Array)
#9 [internal function]: Magento\Catalog\Model\Attribute\Backend\Customlayoutupdate\Interceptor->validate(Object(Magento\Catalog\Model\Category\Interceptor))
#10 /var/www/store/vendor/magento/module-eav/Model/Entity/AbstractEntity.php(641): call_user_func_array(Array, Array)
#11 /var/www/store/var/generation/Magento/Catalog/Model/ResourceModel/Category/Interceptor.php(596): Magento\Eav\Model\Entity\AbstractEntity->walkAttributes('backend/validat...', Array, NULL)
#12 /var/www/store/vendor/magento/module-eav/Model/Entity/AbstractEntity.php(835): Magento\Catalog\Model\ResourceModel\Category\Interceptor->walkAttributes('backend/validat...', Array, NULL)
#13 /var/www/store/var/generation/Magento/Catalog/Model/ResourceModel/Category/Interceptor.php(726): Magento\Eav\Model\Entity\AbstractEntity->validate(Object(Magento\Catalog\Model\Category\Interceptor))
#14 /var/www/store/vendor/magento/module-catalog/Model/Category.php(1070): Magento\Catalog\Model\ResourceModel\Category\Interceptor->validate(Object(Magento\Catalog\Model\Category\Interceptor))
#15 /var/www/store/var/generation/Magento/Catalog/Model/Category/Interceptor.php(570): Magento\Catalog\Model\Category->validate()
#16 /var/www/store/vendor/magento/module-catalog/Controller/Adminhtml/Category/Save.php(196): Magento\Catalog\Model\Category\Interceptor->validate()
#17 /var/www/store/var/generation/Magento/Catalog/Controller/Adminhtml/Category/Save/Interceptor.php(24): Magento\Catalog\Controller\Adminhtml\Category\Save->execute()
#18 /var/www/store/vendor/magento/framework/App/Action/Action.php(102): Magento\Catalog\Controller\Adminhtml\Category\Save\Interceptor->execute()
#19 /var/www/store/vendor/magento/module-backend/App/AbstractAction.php(226): Magento\Framework\App\Action\Action->dispatch(Object(Magento\Framework\App\Request\Http))
#20 /var/www/store/vendor/magento/framework/Interception/Interceptor.php(74): Magento\Backend\App\AbstractAction->dispatch(Object(Magento\Framework\App\Request\Http))
#21 /var/www/store/vendor/magento/framework/Interception/Chain/Chain.php(70): Magento\Catalog\Controller\Adminhtml\Category\Save\Interceptor->___callParent('dispatch', Array)
#22 /var/www/store/vendor/magento/framework/Interception/Chain/Chain.php(63): Magento\Framework\Interception\Chain\Chain->invokeNext('Magento\\Catalog...', 'dispatch', Object(Magento\Catalog\Controller\Adminhtml\Category\Save\Interceptor), Array, 'adminAuthentica...')
#23 /var/www/store/vendor/magento/module-backend/App/Action/Plugin/Authentication.php(143): Magento\Framework\Interception\Chain\Chain->Magento\Framework\Interception\Chain\{closure}(Object(Magento\Framework\App\Request\Http))
#24 /var/www/store/vendor/magento/framework/Interception/Chain/Chain.php(67): Magento\Backend\App\Action\Plugin\Authentication->aroundDispatch(Object(Magento\Catalog\Controller\Adminhtml\Category\Save\Interceptor), Object(Closure), Object(Magento\Framework\App\Request\Http))
#25 /var/www/store/vendor/magento/framework/Interception/Interceptor.php(138): Magento\Framework\Interception\Chain\Chain->invokeNext('Magento\\Catalog...', 'dispatch', Object(Magento\Catalog\Controller\Adminhtml\Category\Save\Interceptor), Array, 'adminMassaction...')
#26 /var/www/store/vendor/magento/module-backend/App/Action/Plugin/MassactionKey.php(33): Magento\Catalog\Controller\Adminhtml\Category\Save\Interceptor->Magento\Framework\Interception\{closure}(Object(Magento\Framework\App\Request\Http))
#27 /var/www/store/vendor/magento/framework/Interception/Interceptor.php(142): Magento\Backend\App\Action\Plugin\MassactionKey->aroundDispatch(Object(Magento\Catalog\Controller\Adminhtml\Category\Save\Interceptor), Object(Closure), Object(Magento\Framework\App\Request\Http))
#28 /var/www/store/var/generation/Magento/Catalog/Controller/Adminhtml/Category/Save/Interceptor.php(65): Magento\Catalog\Controller\Adminhtml\Category\Save\Interceptor->___callPlugins('dispatch', Array, Array)
#29 /var/www/store/vendor/magento/framework/App/FrontController.php(55): Magento\Catalog\Controller\Adminhtml\Category\Save\Interceptor->dispatch(Object(Magento\Framework\App\Request\Http))
#30 /var/www/store/vendor/magento/framework/Interception/Interceptor.php(74): Magento\Framework\App\FrontController->dispatch(Object(Magento\Framework\App\Request\Http))
#31 /var/www/store/vendor/magento/framework/Interception/Chain/Chain.php(70): Magento\Framework\App\FrontController\Interceptor->___callParent('dispatch', Array)
#32 /var/www/store/vendor/magento/framework/Interception/Interceptor.php(138): Magento\Framework\Interception\Chain\Chain->invokeNext('Magento\\Framewo...', 'dispatch', Object(Magento\Framework\App\FrontController\Interceptor), Array, 'install')
#33 /var/www/store/vendor/magento/framework/Module/Plugin/DbStatusValidator.php(69): Magento\Framework\App\FrontController\Interceptor->Magento\Framework\Interception\{closure}(Object(Magento\Framework\App\Request\Http))
#34 /var/www/store/vendor/magento/framework/Interception/Interceptor.php(142): Magento\Framework\Module\Plugin\DbStatusValidator->aroundDispatch(Object(Magento\Framework\App\FrontController\Interceptor), Object(Closure), Object(Magento\Framework\App\Request\Http))
#35 /var/www/store/var/generation/Magento/Framework/App/FrontController/Interceptor.php(26): Magento\Framework\App\FrontController\Interceptor->___callPlugins('dispatch', Array, Array)
#36 /var/www/store/vendor/magento/framework/App/Http.php(135): Magento\Framework\App\FrontController\Interceptor->dispatch(Object(Magento\Framework\App\Request\Http))
#37 /var/www/store/vendor/magento/framework/App/Bootstrap.php(258): Magento\Framework\App\Http->launch()
#38 /var/www/store/index.php(39): Magento\Framework\App\Bootstrap->run(Object(Magento\Framework\App\Http))
#39 {main} [] []
[2019-05-13 15:36:51] main.CRITICAL: Magento\Eav\Model\Entity\Attribute\Exception: Please correct the XML data and try again. Element 'referenceBlock': This element is not expected. Expected is one of ( referenceContainer, container, update, move ).
Line: 1
 in /var/www/store/vendor/magento/module-catalog/Model/Attribute/Backend/Customlayoutupdate.php:57
Stack trace:
#0 /var/www/store/vendor/magento/framework/Interception/Interceptor.php(74): Magento\Catalog\Model\Attribute\Backend\Customlayoutupdate->validate(Object(Magento\Catalog\Model\Category\Interceptor))
#1 /var/www/store/vendor/magento/framework/Interception/Chain/Chain.php(70): Magento\Catalog\Model\Attribute\Backend\Customlayoutupdate\Interceptor->___callParent('validate', Array)
#2 /var/www/store/vendor/magento/framework/Interception/Chain/Chain.php(63): Magento\Framework\Interception\Chain\Chain->invokeNext('Magento\\Catalog...', 'validate', Object(Magento\Catalog\Model\Attribute\Backend\Customlayoutupdate\Interceptor), Array, 'ConfigurablePro...')
#3 /var/www/store/vendor/magento/module-configurable-product/Plugin/Model/Attribute/Backend/AttributeValidation.php(53): Magento\Framework\Interception\Chain\Chain->Magento\Framework\Interception\Chain\{closure}(Object(Magento\Catalog\Model\Category\Interceptor))
#4 /var/www/store/vendor/magento/framework/Interception/Chain/Chain.php(67): Magento\ConfigurableProduct\Plugin\Model\Attribute\Backend\AttributeValidation->aroundValidate(Object(Magento\Catalog\Model\Attribute\Backend\Customlayoutupdate\Interceptor), Object(Closure), Object(Magento\Catalog\Model\Category\Interceptor))
#5 /var/www/store/vendor/magento/framework/Interception/Interceptor.php(138): Magento\Framework\Interception\Chain\Chain->invokeNext('Magento\\Catalog...', 'validate', Object(Magento\Catalog\Model\Attribute\Backend\Customlayoutupdate\Interceptor), Array, 'attributeValida...')
#6 /var/www/store/vendor/magento/module-catalog/Plugin/Model/Attribute/Backend/AttributeValidation.php(50): Magento\Catalog\Model\Attribute\Backend\Customlayoutupdate\Interceptor->Magento\Framework\Interception\{closure}(Object(Magento\Catalog\Model\Category\Interceptor))
#7 /var/www/store/vendor/magento/framework/Interception/Interceptor.php(142): Magento\Catalog\Plugin\Model\Attribute\Backend\AttributeValidation->aroundValidate(Object(Magento\Catalog\Model\Attribute\Backend\Customlayoutupdate\Interceptor), Object(Closure), Object(Magento\Catalog\Model\Category\Interceptor))
#8 /var/www/store/var/generation/Magento/Catalog/Model/Attribute/Backend/Customlayoutupdate/Interceptor.php(26): Magento\Catalog\Model\Attribute\Backend\Customlayoutupdate\Interceptor->___callPlugins('validate', Array, Array)
#9 [internal function]: Magento\Catalog\Model\Attribute\Backend\Customlayoutupdate\Interceptor->validate(Object(Magento\Catalog\Model\Category\Interceptor))
#10 /var/www/store/vendor/magento/module-eav/Model/Entity/AbstractEntity.php(641): call_user_func_array(Array, Array)
#11 /var/www/store/var/generation/Magento/Catalog/Model/ResourceModel/Category/Interceptor.php(596): Magento\Eav\Model\Entity\AbstractEntity->walkAttributes('backend/validat...', Array, NULL)
#12 /var/www/store/vendor/magento/module-eav/Model/Entity/AbstractEntity.php(835): Magento\Catalog\Model\ResourceModel\Category\Interceptor->walkAttributes('backend/validat...', Array, NULL)
#13 /var/www/store/var/generation/Magento/Catalog/Model/ResourceModel/Category/Interceptor.php(726): Magento\Eav\Model\Entity\AbstractEntity->validate(Object(Magento\Catalog\Model\Category\Interceptor))
#14 /var/www/store/vendor/magento/module-catalog/Model/Category.php(1070): Magento\Catalog\Model\ResourceModel\Category\Interceptor->validate(Object(Magento\Catalog\Model\Category\Interceptor))
#15 /var/www/store/var/generation/Magento/Catalog/Model/Category/Interceptor.php(570): Magento\Catalog\Model\Category->validate()
#16 /var/www/store/vendor/magento/module-catalog/Controller/Adminhtml/Category/Save.php(196): Magento\Catalog\Model\Category\Interceptor->validate()
#17 /var/www/store/var/generation/Magento/Catalog/Controller/Adminhtml/Category/Save/Interceptor.php(24): Magento\Catalog\Controller\Adminhtml\Category\Save->execute()
#18 /var/www/store/vendor/magento/framework/App/Action/Action.php(102): Magento\Catalog\Controller\Adminhtml\Category\Save\Interceptor->execute()
#19 /var/www/store/vendor/magento/module-backend/App/AbstractAction.php(226): Magento\Framework\App\Action\Action->dispatch(Object(Magento\Framework\App\Request\Http))
#20 /var/www/store/vendor/magento/framework/Interception/Interceptor.php(74): Magento\Backend\App\AbstractAction->dispatch(Object(Magento\Framework\App\Request\Http))
#21 /var/www/store/vendor/magento/framework/Interception/Chain/Chain.php(70): Magento\Catalog\Controller\Adminhtml\Category\Save\Interceptor->___callParent('dispatch', Array)
#22 /var/www/store/vendor/magento/framework/Interception/Chain/Chain.php(63): Magento\Framework\Interception\Chain\Chain->invokeNext('Magento\\Catalog...', 'dispatch', Object(Magento\Catalog\Controller\Adminhtml\Category\Save\Interceptor), Array, 'adminAuthentica...')
#23 /var/www/store/vendor/magento/module-backend/App/Action/Plugin/Authentication.php(143): Magento\Framework\Interception\Chain\Chain->Magento\Framework\Interception\Chain\{closure}(Object(Magento\Framework\App\Request\Http))
#24 /var/www/store/vendor/magento/framework/Interception/Chain/Chain.php(67): Magento\Backend\App\Action\Plugin\Authentication->aroundDispatch(Object(Magento\Catalog\Controller\Adminhtml\Category\Save\Interceptor), Object(Closure), Object(Magento\Framework\App\Request\Http))
#25 /var/www/store/vendor/magento/framework/Interception/Interceptor.php(138): Magento\Framework\Interception\Chain\Chain->invokeNext('Magento\\Catalog...', 'dispatch', Object(Magento\Catalog\Controller\Adminhtml\Category\Save\Interceptor), Array, 'adminMassaction...')
#26 /var/www/store/vendor/magento/module-backend/App/Action/Plugin/MassactionKey.php(33): Magento\Catalog\Controller\Adminhtml\Category\Save\Interceptor->Magento\Framework\Interception\{closure}(Object(Magento\Framework\App\Request\Http))
#27 /var/www/store/vendor/magento/framework/Interception/Interceptor.php(142): Magento\Backend\App\Action\Plugin\MassactionKey->aroundDispatch(Object(Magento\Catalog\Controller\Adminhtml\Category\Save\Interceptor), Object(Closure), Object(Magento\Framework\App\Request\Http))
#28 /var/www/store/var/generation/Magento/Catalog/Controller/Adminhtml/Category/Save/Interceptor.php(65): Magento\Catalog\Controller\Adminhtml\Category\Save\Interceptor->___callPlugins('dispatch', Array, Array)
#29 /var/www/store/vendor/magento/framework/App/FrontController.php(55): Magento\Catalog\Controller\Adminhtml\Category\Save\Interceptor->dispatch(Object(Magento\Framework\App\Request\Http))
#30 /var/www/store/vendor/magento/framework/Interception/Interceptor.php(74): Magento\Framework\App\FrontController->dispatch(Object(Magento\Framework\App\Request\Http))
#31 /var/www/store/vendor/magento/framework/Interception/Chain/Chain.php(70): Magento\Framework\App\FrontController\Interceptor->___callParent('dispatch', Array)
#32 /var/www/store/vendor/magento/framework/Interception/Interceptor.php(138): Magento\Framework\Interception\Chain\Chain->invokeNext('Magento\\Framewo...', 'dispatch', Object(Magento\Framework\App\FrontController\Interceptor), Array, 'install')
#33 /var/www/store/vendor/magento/framework/Module/Plugin/DbStatusValidator.php(69): Magento\Framework\App\FrontController\Interceptor->Magento\Framework\Interception\{closure}(Object(Magento\Framework\App\Request\Http))
#34 /var/www/store/vendor/magento/framework/Interception/Interceptor.php(142): Magento\Framework\Module\Plugin\DbStatusValidator->aroundDispatch(Object(Magento\Framework\App\FrontController\Interceptor), Object(Closure), Object(Magento\Framework\App\Request\Http))
#35 /var/www/store/var/generation/Magento/Framework/App/FrontController/Interceptor.php(26): Magento\Framework\App\FrontController\Interceptor->___callPlugins('dispatch', Array, Array)
#36 /var/www/store/vendor/magento/framework/App/Http.php(135): Magento\Framework\App\FrontController\Interceptor->dispatch(Object(Magento\Framework\App\Request\Http))
#37 /var/www/store/vendor/magento/framework/App/Bootstrap.php(258): Magento\Framework\App\Http->launch()
#38 /var/www/store/index.php(39): Magento\Framework\App\Bootstrap->run(Object(Magento\Framework\App\Http))
#39 {main} [] []
[2019-05-14 08:43:19] main.CRITICAL: Exception: Notice: Undefined index: url in /var/www/store/vendor/magento/module-widget/Model/Template/Filter.php on line 141 in /var/www/store/vendor/magento/framework/App/ErrorHandler.php:61
Stack trace:
#0 /var/www/store/vendor/magento/module-widget/Model/Template/Filter.php(141): Magento\Framework\App\ErrorHandler->handler(8, 'Undefined index...', '/var/www/store/...', 141, Array)
#1 [internal function]: Magento\Widget\Model\Template\Filter->mediaDirective(Array)
#2 /var/www/store/vendor/magento/framework/Filter/Template.php(141): call_user_func(Array, Array)
#3 /var/www/store/vendor/magento/module-email/Model/Template/Filter.php(1011): Magento\Framework\Filter\Template->filter('<p><a href="htt...')
#4 /var/www/store/app/code/Ves/BaseWidget/Helper/Data.php(122): Magento\Email\Model\Template\Filter->filter('<p><a href="{{s...')
#5 /var/www/store/app/code/Ves/BaseWidget/Block/Widget/Carousel.php(65): Ves\BaseWidget\Helper\Data->filter('<p><a href="{{s...')
#6 /var/www/store/vendor/magento/framework/View/Element/AbstractBlock.php(659): Ves\BaseWidget\Block\Widget\Carousel->_toHtml()
#7 /var/www/store/vendor/magento/module-widget/Model/Template/Filter.php(117): Magento\Framework\View\Element\AbstractBlock->toHtml()
#8 /var/www/store/vendor/magento/module-widget/Model/Template/Filter.php(128): Magento\Widget\Model\Template\Filter->generateWidget(Array)
#9 [internal function]: Magento\Widget\Model\Template\Filter->widgetDirective(Array)
#10 /var/www/store/vendor/magento/framework/Filter/Template.php(141): call_user_func(Array, Array)
#11 /var/www/store/vendor/magento/module-email/Model/Template/Filter.php(1011): Magento\Framework\Filter\Template->filter('{{widget type="...')
#12 /var/www/store/app/code/Ves/PageBuilder/Helper/Data.php(152): Magento\Email\Model\Template\Filter->filter('{{widget type="...')
#13 /var/www/store/app/code/Ves/PageBuilder/Block/Widget/Page.php(389): Ves\PageBuilder\Helper\Data->filter('{{widget type="...')
#14 [internal function]: Ves\PageBuilder\Block\Widget\Page->renderWidgetShortcode('{{widget type="...')
#15 /var/www/store/vendor/magento/framework/View/TemplateEngine/Php.php(82): call_user_func_array(Array, Array)
#16 /var/www/store/app/code/Ves/PageBuilder/view/frontend/templates/pagebuilder/default.phtml(171): Magento\Framework\View\TemplateEngine\Php->__call('renderWidgetSho...', Array)
#17 /var/www/store/vendor/magento/framework/View/TemplateEngine/Php.php(59): include('/var/www/store/...')
#18 /var/www/store/vendor/magento/framework/View/Element/Template.php(255): Magento\Framework\View\TemplateEngine\Php->render(Object(Ves\PageBuilder\Block\Widget\Page), '/var/www/store/...', Array)
#19 /var/www/store/vendor/magento/framework/View/Element/Template.php(279): Magento\Framework\View\Element\Template->fetchView('/var/www/store/...')
#20 /var/www/store/app/code/Ves/PageBuilder/Block/Widget/Page.php(255): Magento\Framework\View\Element\Template->_toHtml()
#21 /var/www/store/vendor/magento/framework/View/Element/AbstractBlock.php(659): Ves\PageBuilder\Block\Widget\Page->_toHtml()
#22 /var/www/store/vendor/magento/module-widget/Model/Template/Filter.php(117): Magento\Framework\View\Element\AbstractBlock->toHtml()
#23 /var/www/store/vendor/magento/module-widget/Model/Template/Filter.php(128): Magento\Widget\Model\Template\Filter->generateWidget(Array)
#24 [internal function]: Magento\Widget\Model\Template\Filter->widgetDirective(Array)
#25 /var/www/store/vendor/magento/framework/Filter/Template.php(141): call_user_func(Array, Array)
#26 /var/www/store/vendor/magento/module-email/Model/Template/Filter.php(1011): Magento\Framework\Filter\Template->filter('{{widget type="...')
#27 /var/www/store/vendor/magento/module-cms/Block/Page.php(157): Magento\Email\Model\Template\Filter->filter('{{widget type="...')
#28 /var/www/store/vendor/magento/framework/View/Element/AbstractBlock.php(659): Magento\Cms\Block\Page->_toHtml()
#29 /var/www/store/vendor/magento/framework/View/Layout.php(542): Magento\Framework\View\Element\AbstractBlock->toHtml()
#30 /var/www/store/vendor/magento/framework/View/Layout.php(518): Magento\Framework\View\Layout->_renderBlock('cms_page')
#31 /var/www/store/var/generation/Magento/Framework/View/Layout/Interceptor.php(206): Magento\Framework\View\Layout->renderNonCachedElement('cms_page')
#32 /var/www/store/vendor/magento/framework/View/Layout.php(472): Magento\Framework\View\Layout\Interceptor->renderNonCachedElement('cms_page')
#33 /var/www/store/var/generation/Magento/Framework/View/Layout/Interceptor.php(193): Magento\Framework\View\Layout->renderElement('cms_page', true)
#34 /var/www/store/vendor/magento/framework/View/Layout.php(569): Magento\Framework\View\Layout\Interceptor->renderElement('cms_page')
#35 /var/www/store/vendor/magento/framework/View/Layout.php(520): Magento\Framework\View\Layout->_renderContainer('content')
#36 /var/www/store/var/generation/Magento/Framework/View/Layout/Interceptor.php(206): Magento\Framework\View\Layout->renderNonCachedElement('content')
#37 /var/www/store/vendor/magento/framework/View/Layout.php(472): Magento\Framework\View\Layout\Interceptor->renderNonCachedElement('content')
#38 /var/www/store/var/generation/Magento/Framework/View/Layout/Interceptor.php(193): Magento\Framework\View\Layout->renderElement('content', true)
#39 /var/www/store/vendor/magento/framework/View/Layout.php(569): Magento\Framework\View\Layout\Interceptor->renderElement('content')
#40 /var/www/store/vendor/magento/framework/View/Layout.php(520): Magento\Framework\View\Layout->_renderContainer('main')
#41 /var/www/store/var/generation/Magento/Framework/View/Layout/Interceptor.php(206): Magento\Framework\View\Layout->renderNonCachedElement('main')
#42 /var/www/store/vendor/magento/framework/View/Layout.php(472): Magento\Framework\View\Layout\Interceptor->renderNonCachedElement('main')
#43 /var/www/store/var/generation/Magento/Framework/View/Layout/Interceptor.php(193): Magento\Framework\View\Layout->renderElement('main', true)
#44 /var/www/store/vendor/magento/framework/View/Layout.php(569): Magento\Framework\View\Layout\Interceptor->renderElement('main')
#45 /var/www/store/vendor/magento/framework/View/Layout.php(520): Magento\Framework\View\Layout->_renderContainer('columns')
#46 /var/www/store/var/generation/Magento/Framework/View/Layout/Interceptor.php(206): Magento\Framework\View\Layout->renderNonCachedElement('columns')
#47 /var/www/store/vendor/magento/framework/View/Layout.php(472): Magento\Framework\View\Layout\Interceptor->renderNonCachedElement('columns')
#48 /var/www/store/var/generation/Magento/Framework/View/Layout/Interceptor.php(193): Magento\Framework\View\Layout->renderElement('columns', true)
#49 /var/www/store/vendor/magento/framework/View/Layout.php(569): Magento\Framework\View\Layout\Interceptor->renderElement('columns')
#50 /var/www/store/vendor/magento/framework/View/Layout.php(520): Magento\Framework\View\Layout->_renderContainer('main.content')
#51 /var/www/store/var/generation/Magento/Framework/View/Layout/Interceptor.php(206): Magento\Framework\View\Layout->renderNonCachedElement('main.content')
#52 /var/www/store/vendor/magento/framework/View/Layout.php(472): Magento\Framework\View\Layout\Interceptor->renderNonCachedElement('main.content')
#53 /var/www/store/var/generation/Magento/Framework/View/Layout/Interceptor.php(193): Magento\Framework\View\Layout->renderElement('main.content', true)
#54 /var/www/store/vendor/magento/framework/View/Layout.php(569): Magento\Framework\View\Layout\Interceptor->renderElement('main.content')
#55 /var/www/store/vendor/magento/framework/View/Layout.php(520): Magento\Framework\View\Layout->_renderContainer('page.wrapper')
#56 /var/www/store/var/generation/Magento/Framework/View/Layout/Interceptor.php(206): Magento\Framework\View\Layout->renderNonCachedElement('page.wrapper')
#57 /var/www/store/vendor/magento/framework/View/Layout.php(472): Magento\Framework\View\Layout\Interceptor->renderNonCachedElement('page.wrapper')
#58 /var/www/store/var/generation/Magento/Framework/View/Layout/Interceptor.php(193): Magento\Framework\View\Layout->renderElement('page.wrapper', true)
#59 /var/www/store/vendor/magento/framework/View/Layout.php(569): Magento\Framework\View\Layout\Interceptor->renderElement('page.wrapper')
#60 /var/www/store/vendor/magento/framework/View/Layout.php(520): Magento\Framework\View\Layout->_renderContainer('root')
#61 /var/www/store/var/generation/Magento/Framework/View/Layout/Interceptor.php(206): Magento\Framework\View\Layout->renderNonCachedElement('root')
#62 /var/www/store/vendor/magento/framework/View/Layout.php(472): Magento\Framework\View\Layout\Interceptor->renderNonCachedElement('root')
#63 /var/www/store/var/generation/Magento/Framework/View/Layout/Interceptor.php(193): Magento\Framework\View\Layout->renderElement('root', true)
#64 /var/www/store/vendor/magento/framework/View/Layout.php(938): Magento\Framework\View\Layout\Interceptor->renderElement('root')
#65 /var/www/store/vendor/magento/framework/Interception/Interceptor.php(146): Magento\Framework\View\Layout->getOutput()
#66 /var/www/store/var/generation/Magento/Framework/View/Layout/Interceptor.php(494): Magento\Framework\View\Layout\Interceptor->___callPlugins('getOutput', Array, Array)
#67 /var/www/store/vendor/magento/framework/View/Result/Page.php(243): Magento\Framework\View\Layout\Interceptor->getOutput()
#68 /var/www/store/vendor/magento/framework/View/Result/Layout.php(164): Magento\Framework\View\Result\Page->render(Object(Magento\Framework\App\Response\Http\Interceptor))
#69 /var/www/store/vendor/magento/framework/Interception/Interceptor.php(74): Magento\Framework\View\Result\Layout->renderResult(Object(Magento\Framework\App\Response\Http\Interceptor))
#70 /var/www/store/vendor/magento/framework/Interception/Chain/Chain.php(70): Magento\Framework\View\Result\Page\Interceptor->___callParent('renderResult', Array)
#71 /var/www/store/vendor/magento/framework/Interception/Chain/Chain.php(63): Magento\Framework\Interception\Chain\Chain->invokeNext('Magento\\Framewo...', 'renderResult', Object(Magento\Framework\View\Result\Page\Interceptor), Array, 'result-varnish-...')
#72 /var/www/store/vendor/magento/module-page-cache/Model/Controller/Result/VarnishPlugin.php(74): Magento\Framework\Interception\Chain\Chain->Magento\Framework\Interception\Chain\{closure}(Object(Magento\Framework\App\Response\Http\Interceptor))
#73 /var/www/store/vendor/magento/framework/Interception/Chain/Chain.php(67): Magento\PageCache\Model\Controller\Result\VarnishPlugin->aroundRenderResult(Object(Magento\Framework\View\Result\Page\Interceptor), Object(Closure), Object(Magento\Framework\App\Response\Http\Interceptor))
#74 /var/www/store/vendor/magento/framework/Interception/Interceptor.php(138): Magento\Framework\Interception\Chain\Chain->invokeNext('Magento\\Framewo...', 'renderResult', Object(Magento\Framework\View\Result\Page\Interceptor), Array, 'result-builtin-...')
#75 /var/www/store/vendor/magento/module-page-cache/Model/Controller/Result/BuiltinPlugin.php(67): Magento\Framework\View\Result\Page\Interceptor->Magento\Framework\Interception\{closure}(Object(Magento\Framework\App\Response\Http\Interceptor))
#76 /var/www/store/vendor/magento/framework/Interception/Interceptor.php(142): Magento\PageCache\Model\Controller\Result\BuiltinPlugin->aroundRenderResult(Object(Magento\Framework\View\Result\Page\Interceptor), Object(Closure), Object(Magento\Framework\App\Response\Http\Interceptor))
#77 /var/www/store/var/generation/Magento/Framework/View/Result/Page/Interceptor.php(130): Magento\Framework\View\Result\Page\Interceptor->___callPlugins('renderResult', Array, Array)
#78 /var/www/store/vendor/magento/framework/App/Http.php(139): Magento\Framework\View\Result\Page\Interceptor->renderResult(Object(Magento\Framework\App\Response\Http\Interceptor))
#79 /var/www/store/vendor/magento/framework/App/Bootstrap.php(258): Magento\Framework\App\Http->launch()
#80 /var/www/store/index.php(39): Magento\Framework\App\Bootstrap->run(Object(Magento\Framework\App\Http))
#81 {main} [] []
[2019-05-14 12:20:36] main.CRITICAL: Exception: Asymmetric transaction rollback. in /var/www/store/vendor/magento/framework/DB/Adapter/Pdo/Mysql.php:278
Stack trace:
#0 /var/www/store/vendor/magento/framework/Model/ResourceModel/AbstractResource.php(99): Magento\Framework\DB\Adapter\Pdo\Mysql->rollBack()
#1 /var/www/store/var/generation/Magento/Catalog/Model/ResourceModel/Product/Interceptor.php(791): Magento\Framework\Model\ResourceModel\AbstractResource->rollBack()
#2 /var/www/store/vendor/magento/module-catalog-search/Model/Indexer/Fulltext/Plugin/Product.php(57): Magento\Catalog\Model\ResourceModel\Product\Interceptor->rollBack()
#3 /var/www/store/vendor/magento/module-catalog-search/Model/Indexer/Fulltext/Plugin/Product.php(24): Magento\CatalogSearch\Model\Indexer\Fulltext\Plugin\Product->addCommitCallback(Object(Magento\Catalog\Model\ResourceModel\Product\Interceptor), Object(Closure), Object(Magento\Catalog\Model\Product\Interceptor))
#4 /var/www/store/vendor/magento/framework/Interception/Chain/Chain.php(67): Magento\CatalogSearch\Model\Indexer\Fulltext\Plugin\Product->aroundSave(Object(Magento\Catalog\Model\ResourceModel\Product\Interceptor), Object(Closure), Object(Magento\Catalog\Model\Product\Interceptor))
#5 /var/www/store/vendor/magento/framework/Interception/Interceptor.php(138): Magento\Framework\Interception\Chain\Chain->invokeNext('Magento\\Catalog...', 'save', Object(Magento\Catalog\Model\ResourceModel\Product\Interceptor), Array, 'clean_cache')
#6 /var/www/store/vendor/magento/framework/App/Cache/FlushCacheByTags.php(71): Magento\Catalog\Model\ResourceModel\Product\Interceptor->Magento\Framework\Interception\{closure}(Object(Magento\Catalog\Model\Product\Interceptor))
#7 /var/www/store/vendor/magento/framework/Interception/Interceptor.php(142): Magento\Framework\App\Cache\FlushCacheByTags->aroundSave(Object(Magento\Catalog\Model\ResourceModel\Product\Interceptor), Object(Closure), Object(Magento\Catalog\Model\Product\Interceptor))
#8 /var/www/store/var/generation/Magento/Catalog/Model/ResourceModel/Product/Interceptor.php(273): Magento\Catalog\Model\ResourceModel\Product\Interceptor->___callPlugins('save', Array, Array)
#9 /var/www/store/vendor/magento/framework/Model/AbstractModel.php(631): Magento\Catalog\Model\ResourceModel\Product\Interceptor->save(Object(Magento\Catalog\Model\Product\Interceptor))
#10 /var/www/store/var/generation/Magento/Catalog/Model/Product/Interceptor.php(2364): Magento\Framework\Model\AbstractModel->save()
#11 /var/www/store/vendor/magento/module-catalog/Controller/Adminhtml/Product/Save.php(110): Magento\Catalog\Model\Product\Interceptor->save()
#12 /var/www/store/var/generation/Magento/Catalog/Controller/Adminhtml/Product/Save/Interceptor.php(24): Magento\Catalog\Controller\Adminhtml\Product\Save->execute()
#13 /var/www/store/vendor/magento/framework/App/Action/Action.php(102): Magento\Catalog\Controller\Adminhtml\Product\Save\Interceptor->execute()
#14 /var/www/store/vendor/magento/module-backend/App/AbstractAction.php(226): Magento\Framework\App\Action\Action->dispatch(Object(Magento\Framework\App\Request\Http))
#15 /var/www/store/vendor/magento/framework/Interception/Interceptor.php(74): Magento\Backend\App\AbstractAction->dispatch(Object(Magento\Framework\App\Request\Http))
#16 /var/www/store/vendor/magento/framework/Interception/Chain/Chain.php(70): Magento\Catalog\Controller\Adminhtml\Product\Save\Interceptor->___callParent('dispatch', Array)
#17 /var/www/store/vendor/magento/framework/Interception/Chain/Chain.php(63): Magento\Framework\Interception\Chain\Chain->invokeNext('Magento\\Catalog...', 'dispatch', Object(Magento\Catalog\Controller\Adminhtml\Product\Save\Interceptor), Array, 'adminAuthentica...')
#18 /var/www/store/vendor/magento/module-backend/App/Action/Plugin/Authentication.php(143): Magento\Framework\Interception\Chain\Chain->Magento\Framework\Interception\Chain\{closure}(Object(Magento\Framework\App\Request\Http))
#19 /var/www/store/vendor/magento/framework/Interception/Chain/Chain.php(67): Magento\Backend\App\Action\Plugin\Authentication->aroundDispatch(Object(Magento\Catalog\Controller\Adminhtml\Product\Save\Interceptor), Object(Closure), Object(Magento\Framework\App\Request\Http))
#20 /var/www/store/vendor/magento/framework/Interception/Interceptor.php(138): Magento\Framework\Interception\Chain\Chain->invokeNext('Magento\\Catalog...', 'dispatch', Object(Magento\Catalog\Controller\Adminhtml\Product\Save\Interceptor), Array, 'adminMassaction...')
#21 /var/www/store/vendor/magento/module-backend/App/Action/Plugin/MassactionKey.php(33): Magento\Catalog\Controller\Adminhtml\Product\Save\Interceptor->Magento\Framework\Interception\{closure}(Object(Magento\Framework\App\Request\Http))
#22 /var/www/store/vendor/magento/framework/Interception/Interceptor.php(142): Magento\Backend\App\Action\Plugin\MassactionKey->aroundDispatch(Object(Magento\Catalog\Controller\Adminhtml\Product\Save\Interceptor), Object(Closure), Object(Magento\Framework\App\Request\Http))
#23 /var/www/store/var/generation/Magento/Catalog/Controller/Adminhtml/Product/Save/Interceptor.php(39): Magento\Catalog\Controller\Adminhtml\Product\Save\Interceptor->___callPlugins('dispatch', Array, Array)
#24 /var/www/store/vendor/magento/framework/App/FrontController.php(55): Magento\Catalog\Controller\Adminhtml\Product\Save\Interceptor->dispatch(Object(Magento\Framework\App\Request\Http))
#25 /var/www/store/vendor/magento/framework/Interception/Interceptor.php(74): Magento\Framework\App\FrontController->dispatch(Object(Magento\Framework\App\Request\Http))
#26 /var/www/store/vendor/magento/framework/Interception/Chain/Chain.php(70): Magento\Framework\App\FrontController\Interceptor->___callParent('dispatch', Array)
#27 /var/www/store/vendor/magento/framework/Interception/Interceptor.php(138): Magento\Framework\Interception\Chain\Chain->invokeNext('Magento\\Framewo...', 'dispatch', Object(Magento\Framework\App\FrontController\Interceptor), Array, 'install')
#28 /var/www/store/vendor/magento/framework/Module/Plugin/DbStatusValidator.php(69): Magento\Framework\App\FrontController\Interceptor->Magento\Framework\Interception\{closure}(Object(Magento\Framework\App\Request\Http))
#29 /var/www/store/vendor/magento/framework/Interception/Interceptor.php(142): Magento\Framework\Module\Plugin\DbStatusValidator->aroundDispatch(Object(Magento\Framework\App\FrontController\Interceptor), Object(Closure), Object(Magento\Framework\App\Request\Http))
#30 /var/www/store/var/generation/Magento/Framework/App/FrontController/Interceptor.php(26): Magento\Framework\App\FrontController\Interceptor->___callPlugins('dispatch', Array, Array)
#31 /var/www/store/vendor/magento/framework/App/Http.php(135): Magento\Framework\App\FrontController\Interceptor->dispatch(Object(Magento\Framework\App\Request\Http))
#32 /var/www/store/vendor/magento/framework/App/Bootstrap.php(258): Magento\Framework\App\Http->launch()
#33 /var/www/store/index.php(39): Magento\Framework\App\Bootstrap->run(Object(Magento\Framework\App\Http))
#34 {main} [] []
